2025-10-25T14:41:10.631553Z  INFO tailwindcss_oxide::scanner: Provided sources:
2025-10-25T14:41:10.631901Z  INFO tailwindcss_oxide::scanner: Source: PublicSourceEntry { base: "C:\\Users\\TOPSECRET\\Desktop\\Integra", pattern: "**/*", negated: false }
2025-10-25T14:41:10.632411Z  INFO tailwindcss_oxide::scanner: Optimized sources:
2025-10-25T14:41:10.632458Z  INFO tailwindcss_oxide::scanner: Source: Auto { base: "C:\\Users\\TOPSECRET\\Desktop\\Integra" }
2025-10-25T14:41:10.636018Z  INFO scan_sources: tailwindcss_oxide::scanner: enter
2025-10-25T14:41:10.640368Z  INFO scan_sources: tailwindcss_oxide::scanner: Discovering "C:\\Users\\TOPSECRET\\Desktop\\Integra\\.idea"
2025-10-25T14:41:10.642034Z  INFO scan_sources: tailwindcss_oxide::scanner: Discovering "C:\\Users\\TOPSECRET\\Desktop\\Integra\\.idea\\deployment.xml"
2025-10-25T14:41:10.642262Z  INFO scan_sources: tailwindcss_oxide::scanner: Discovering "C:\\Users\\TOPSECRET\\Desktop\\Integra\\.idea\\inspectionProfiles"
2025-10-25T14:41:10.642521Z  INFO scan_sources: tailwindcss_oxide::scanner: Discovering "C:\\Users\\TOPSECRET\\Desktop\\Integra\\.idea\\inspectionProfiles\\Project_Default.xml"
2025-10-25T14:41:10.642661Z  INFO scan_sources: tailwindcss_oxide::scanner: Discovering "C:\\Users\\TOPSECRET\\Desktop\\Integra\\.idea\\modules.xml"
2025-10-25T14:41:10.642753Z  INFO scan_sources: tailwindcss_oxide::scanner: Discovering "C:\\Users\\TOPSECRET\\Desktop\\Integra\\.idea\\php.xml"
2025-10-25T14:41:10.642907Z  INFO scan_sources: tailwindcss_oxide::scanner: Discovering "C:\\Users\\TOPSECRET\\Desktop\\Integra\\.idea\\shelf"
2025-10-25T14:41:10.643160Z  INFO scan_sources: tailwindcss_oxide::scanner: Discovering "C:\\Users\\TOPSECRET\\Desktop\\Integra\\.idea\\shelf\\Uncommitted_changes_before_Update_at_20_10_2025_22_00_[Changes]"
2025-10-25T14:41:10.643369Z  INFO scan_sources: tailwindcss_oxide::scanner: Discovering "C:\\Users\\TOPSECRET\\Desktop\\Integra\\.idea\\shelf\\Uncommitted_changes_before_Update_at_20_10_2025_22_00_[Changes]\\shelved.patch"
2025-10-25T14:41:10.643539Z  INFO scan_sources: tailwindcss_oxide::scanner: Discovering "C:\\Users\\TOPSECRET\\Desktop\\Integra\\.idea\\shelf\\Uncommitted_changes_before_Update_at_20_10_2025_22_00__Changes_.xml"
2025-10-25T14:41:10.643675Z  INFO scan_sources: tailwindcss_oxide::scanner: Discovering "C:\\Users\\TOPSECRET\\Desktop\\Integra\\.idea\\sisya.iml"
2025-10-25T14:41:10.643766Z  INFO scan_sources: tailwindcss_oxide::scanner: Discovering "C:\\Users\\TOPSECRET\\Desktop\\Integra\\.idea\\vcs.xml"
2025-10-25T14:41:10.643855Z  INFO scan_sources: tailwindcss_oxide::scanner: Discovering "C:\\Users\\TOPSECRET\\Desktop\\Integra\\.idea\\workspace.xml"
2025-10-25T14:41:10.644199Z  INFO scan_sources: tailwindcss_oxide::scanner: Discovering "C:\\Users\\TOPSECRET\\Desktop\\Integra\\components.json"
2025-10-25T14:41:10.644293Z  INFO scan_sources: tailwindcss_oxide::scanner: Discovering "C:\\Users\\TOPSECRET\\Desktop\\Integra\\eslint.config.mjs"
2025-10-25T14:41:10.644396Z  INFO scan_sources: tailwindcss_oxide::scanner: Discovering "C:\\Users\\TOPSECRET\\Desktop\\Integra\\next.config.ts"
2025-10-25T14:41:10.644729Z  INFO scan_sources: tailwindcss_oxide::scanner: Discovering "C:\\Users\\TOPSECRET\\Desktop\\Integra\\package.json"
2025-10-25T14:41:10.644817Z  INFO scan_sources: tailwindcss_oxide::scanner: Discovering "C:\\Users\\TOPSECRET\\Desktop\\Integra\\postcss.config.mjs"
2025-10-25T14:41:10.644980Z  INFO scan_sources: tailwindcss_oxide::scanner: Discovering "C:\\Users\\TOPSECRET\\Desktop\\Integra\\prisma"
2025-10-25T14:41:10.645210Z  INFO scan_sources: tailwindcss_oxide::scanner: Discovering "C:\\Users\\TOPSECRET\\Desktop\\Integra\\prisma\\migrations"
2025-10-25T14:41:10.645446Z  INFO scan_sources: tailwindcss_oxide::scanner: Discovering "C:\\Users\\TOPSECRET\\Desktop\\Integra\\prisma\\migrations\\20251019081833_prisma_db_push"
2025-10-25T14:41:10.645689Z  INFO scan_sources: tailwindcss_oxide::scanner: Discovering "C:\\Users\\TOPSECRET\\Desktop\\Integra\\prisma\\migrations\\20251019081833_prisma_db_push\\migration.sql"
2025-10-25T14:41:10.645814Z  INFO scan_sources: tailwindcss_oxide::scanner: Discovering "C:\\Users\\TOPSECRET\\Desktop\\Integra\\prisma\\migrations\\migration_lock.toml"
2025-10-25T14:41:10.646015Z  INFO scan_sources: tailwindcss_oxide::scanner: Discovering "C:\\Users\\TOPSECRET\\Desktop\\Integra\\prisma\\schema.prisma"
2025-10-25T14:41:10.646208Z  INFO scan_sources: tailwindcss_oxide::scanner: Discovering "C:\\Users\\TOPSECRET\\Desktop\\Integra\\public"
2025-10-25T14:41:10.646396Z  INFO scan_sources: tailwindcss_oxide::scanner: Discovering "C:\\Users\\TOPSECRET\\Desktop\\Integra\\public\\file.svg"
2025-10-25T14:41:10.646507Z  INFO scan_sources: tailwindcss_oxide::scanner: Discovering "C:\\Users\\TOPSECRET\\Desktop\\Integra\\public\\globe.svg"
2025-10-25T14:41:10.646612Z  INFO scan_sources: tailwindcss_oxide::scanner: Discovering "C:\\Users\\TOPSECRET\\Desktop\\Integra\\public\\next.svg"
2025-10-25T14:41:10.646709Z  INFO scan_sources: tailwindcss_oxide::scanner: Discovering "C:\\Users\\TOPSECRET\\Desktop\\Integra\\public\\vercel.svg"
2025-10-25T14:41:10.646794Z  INFO scan_sources: tailwindcss_oxide::scanner: Discovering "C:\\Users\\TOPSECRET\\Desktop\\Integra\\public\\window.svg"
2025-10-25T14:41:10.646912Z  INFO scan_sources: tailwindcss_oxide::scanner: Discovering "C:\\Users\\TOPSECRET\\Desktop\\Integra\\README.md"
2025-10-25T14:41:10.647057Z  INFO scan_sources: tailwindcss_oxide::scanner: Discovering "C:\\Users\\TOPSECRET\\Desktop\\Integra\\src"
2025-10-25T14:41:10.647316Z  INFO scan_sources: tailwindcss_oxide::scanner: Discovering "C:\\Users\\TOPSECRET\\Desktop\\Integra\\src\\actions"
2025-10-25T14:41:10.647526Z  INFO scan_sources: tailwindcss_oxide::scanner: Discovering "C:\\Users\\TOPSECRET\\Desktop\\Integra\\src\\actions\\getUsers.ts"
2025-10-25T14:41:10.647718Z  INFO scan_sources: tailwindcss_oxide::scanner: Discovering "C:\\Users\\TOPSECRET\\Desktop\\Integra\\src\\app"
2025-10-25T14:41:10.647961Z  INFO scan_sources: tailwindcss_oxide::scanner: Discovering "C:\\Users\\TOPSECRET\\Desktop\\Integra\\src\\app\\(secured)"
2025-10-25T14:41:10.648203Z  INFO scan_sources: tailwindcss_oxide::scanner: Discovering "C:\\Users\\TOPSECRET\\Desktop\\Integra\\src\\app\\(secured)\\clients"
2025-10-25T14:41:10.648386Z  INFO scan_sources: tailwindcss_oxide::scanner: Discovering "C:\\Users\\TOPSECRET\\Desktop\\Integra\\src\\app\\(secured)\\clients\\page.tsx"
2025-10-25T14:41:10.648685Z  INFO scan_sources: tailwindcss_oxide::scanner: Discovering "C:\\Users\\TOPSECRET\\Desktop\\Integra\\src\\app\\(secured)\\dashboard"
2025-10-25T14:41:10.648982Z  INFO scan_sources: tailwindcss_oxide::scanner: Discovering "C:\\Users\\TOPSECRET\\Desktop\\Integra\\src\\app\\(secured)\\dashboard\\page.tsx"
2025-10-25T14:41:10.649140Z  INFO scan_sources: tailwindcss_oxide::scanner: Discovering "C:\\Users\\TOPSECRET\\Desktop\\Integra\\src\\app\\(secured)\\layout.tsx"
2025-10-25T14:41:10.649492Z  INFO scan_sources: tailwindcss_oxide::scanner: Discovering "C:\\Users\\TOPSECRET\\Desktop\\Integra\\src\\app\\(secured)\\structure"
2025-10-25T14:41:10.649994Z  INFO scan_sources: tailwindcss_oxide::scanner: Discovering "C:\\Users\\TOPSECRET\\Desktop\\Integra\\src\\app\\(secured)\\structure\\page.tsx"
2025-10-25T14:41:10.650390Z  INFO scan_sources: tailwindcss_oxide::scanner: Discovering "C:\\Users\\TOPSECRET\\Desktop\\Integra\\src\\app\\(secured)\\users"
2025-10-25T14:41:10.650668Z  INFO scan_sources: tailwindcss_oxide::scanner: Discovering "C:\\Users\\TOPSECRET\\Desktop\\Integra\\src\\app\\(secured)\\users\\page.tsx"
2025-10-25T14:41:10.651690Z  INFO scan_sources: tailwindcss_oxide::scanner: Discovering "C:\\Users\\TOPSECRET\\Desktop\\Integra\\src\\app\\api"
2025-10-25T14:41:10.653020Z  INFO scan_sources: tailwindcss_oxide::scanner: Discovering "C:\\Users\\TOPSECRET\\Desktop\\Integra\\src\\app\\api\\auth"
2025-10-25T14:41:10.653515Z  INFO scan_sources: tailwindcss_oxide::scanner: Discovering "C:\\Users\\TOPSECRET\\Desktop\\Integra\\src\\app\\api\\auth\\[...nextauth]"
2025-10-25T14:41:10.653919Z  INFO scan_sources: tailwindcss_oxide::scanner: Discovering "C:\\Users\\TOPSECRET\\Desktop\\Integra\\src\\app\\api\\auth\\[...nextauth]\\route.ts"
2025-10-25T14:41:10.654834Z  INFO scan_sources: tailwindcss_oxide::scanner: Discovering "C:\\Users\\TOPSECRET\\Desktop\\Integra\\src\\app\\api\\finances"
2025-10-25T14:41:10.655401Z  INFO scan_sources: tailwindcss_oxide::scanner: Discovering "C:\\Users\\TOPSECRET\\Desktop\\Integra\\src\\app\\api\\finances\\route.ts"
2025-10-25T14:41:10.656859Z  INFO scan_sources: tailwindcss_oxide::scanner: Discovering "C:\\Users\\TOPSECRET\\Desktop\\Integra\\src\\app\\globals.css"
2025-10-25T14:41:10.657552Z  INFO scan_sources: tailwindcss_oxide::scanner: Discovering "C:\\Users\\TOPSECRET\\Desktop\\Integra\\src\\app\\layout.tsx"
2025-10-25T14:41:10.657867Z  INFO scan_sources: tailwindcss_oxide::scanner: Discovering "C:\\Users\\TOPSECRET\\Desktop\\Integra\\src\\app\\loading.tsx"
2025-10-25T14:41:10.658474Z  INFO scan_sources: tailwindcss_oxide::scanner: Discovering "C:\\Users\\TOPSECRET\\Desktop\\Integra\\src\\app\\login"
2025-10-25T14:41:10.659589Z  INFO scan_sources: tailwindcss_oxide::scanner: Discovering "C:\\Users\\TOPSECRET\\Desktop\\Integra\\src\\app\\login\\actions.ts"
2025-10-25T14:41:10.659869Z  INFO scan_sources: tailwindcss_oxide::scanner: Discovering "C:\\Users\\TOPSECRET\\Desktop\\Integra\\src\\app\\page.tsx"
2025-10-25T14:41:10.660257Z  INFO scan_sources: tailwindcss_oxide::scanner: Discovering "C:\\Users\\TOPSECRET\\Desktop\\Integra\\src\\components"
2025-10-25T14:41:10.660873Z  INFO scan_sources: tailwindcss_oxide::scanner: Discovering "C:\\Users\\TOPSECRET\\Desktop\\Integra\\src\\components\\common"
2025-10-25T14:41:10.661304Z  INFO scan_sources: tailwindcss_oxide::scanner: Discovering "C:\\Users\\TOPSECRET\\Desktop\\Integra\\src\\components\\common\\AppSidebar"
2025-10-25T14:41:10.661667Z  INFO scan_sources: tailwindcss_oxide::scanner: Discovering "C:\\Users\\TOPSECRET\\Desktop\\Integra\\src\\components\\common\\AppSidebar\\AppSidebar.tsx"
2025-10-25T14:41:10.661983Z  INFO scan_sources: tailwindcss_oxide::scanner: Discovering "C:\\Users\\TOPSECRET\\Desktop\\Integra\\src\\components\\common\\TableSkeleton"
2025-10-25T14:41:10.662301Z  INFO scan_sources: tailwindcss_oxide::scanner: Discovering "C:\\Users\\TOPSECRET\\Desktop\\Integra\\src\\components\\common\\TableSkeleton\\TableSkeleton.tsx"
2025-10-25T14:41:10.662666Z  INFO scan_sources: tailwindcss_oxide::scanner: Discovering "C:\\Users\\TOPSECRET\\Desktop\\Integra\\src\\components\\ui"
2025-10-25T14:41:10.663020Z  INFO scan_sources: tailwindcss_oxide::scanner: Discovering "C:\\Users\\TOPSECRET\\Desktop\\Integra\\src\\components\\ui\\button.tsx"
2025-10-25T14:41:10.663175Z  INFO scan_sources: tailwindcss_oxide::scanner: Discovering "C:\\Users\\TOPSECRET\\Desktop\\Integra\\src\\components\\ui\\card.tsx"
2025-10-25T14:41:10.663326Z  INFO scan_sources: tailwindcss_oxide::scanner: Discovering "C:\\Users\\TOPSECRET\\Desktop\\Integra\\src\\components\\ui\\collapsible.tsx"
2025-10-25T14:41:10.663499Z  INFO scan_sources: tailwindcss_oxide::scanner: Discovering "C:\\Users\\TOPSECRET\\Desktop\\Integra\\src\\components\\ui\\dropdown-menu.tsx"
2025-10-25T14:41:10.663651Z  INFO scan_sources: tailwindcss_oxide::scanner: Discovering "C:\\Users\\TOPSECRET\\Desktop\\Integra\\src\\components\\ui\\field.tsx"
2025-10-25T14:41:10.663795Z  INFO scan_sources: tailwindcss_oxide::scanner: Discovering "C:\\Users\\TOPSECRET\\Desktop\\Integra\\src\\components\\ui\\input-group.tsx"
2025-10-25T14:41:10.663938Z  INFO scan_sources: tailwindcss_oxide::scanner: Discovering "C:\\Users\\TOPSECRET\\Desktop\\Integra\\src\\components\\ui\\input.tsx"
2025-10-25T14:41:10.664079Z  INFO scan_sources: tailwindcss_oxide::scanner: Discovering "C:\\Users\\TOPSECRET\\Desktop\\Integra\\src\\components\\ui\\label.tsx"
2025-10-25T14:41:10.664221Z  INFO scan_sources: tailwindcss_oxide::scanner: Discovering "C:\\Users\\TOPSECRET\\Desktop\\Integra\\src\\components\\ui\\progress.tsx"
2025-10-25T14:41:10.664364Z  INFO scan_sources: tailwindcss_oxide::scanner: Discovering "C:\\Users\\TOPSECRET\\Desktop\\Integra\\src\\components\\ui\\select.tsx"
2025-10-25T14:41:10.664508Z  INFO scan_sources: tailwindcss_oxide::scanner: Discovering "C:\\Users\\TOPSECRET\\Desktop\\Integra\\src\\components\\ui\\separator.tsx"
2025-10-25T14:41:10.664823Z  INFO scan_sources: tailwindcss_oxide::scanner: Discovering "C:\\Users\\TOPSECRET\\Desktop\\Integra\\src\\components\\ui\\sheet.tsx"
2025-10-25T14:41:10.665054Z  INFO scan_sources: tailwindcss_oxide::scanner: Discovering "C:\\Users\\TOPSECRET\\Desktop\\Integra\\src\\components\\ui\\sidebar.tsx"
2025-10-25T14:41:10.665211Z  INFO scan_sources: tailwindcss_oxide::scanner: Discovering "C:\\Users\\TOPSECRET\\Desktop\\Integra\\src\\components\\ui\\skeleton.tsx"
2025-10-25T14:41:10.665357Z  INFO scan_sources: tailwindcss_oxide::scanner: Discovering "C:\\Users\\TOPSECRET\\Desktop\\Integra\\src\\components\\ui\\sonner.tsx"
2025-10-25T14:41:10.665539Z  INFO scan_sources: tailwindcss_oxide::scanner: Discovering "C:\\Users\\TOPSECRET\\Desktop\\Integra\\src\\components\\ui\\table.tsx"
2025-10-25T14:41:10.665989Z  INFO scan_sources: tailwindcss_oxide::scanner: Discovering "C:\\Users\\TOPSECRET\\Desktop\\Integra\\src\\components\\ui\\tabs.tsx"
2025-10-25T14:41:10.666212Z  INFO scan_sources: tailwindcss_oxide::scanner: Discovering "C:\\Users\\TOPSECRET\\Desktop\\Integra\\src\\components\\ui\\textarea.tsx"
2025-10-25T14:41:10.666422Z  INFO scan_sources: tailwindcss_oxide::scanner: Discovering "C:\\Users\\TOPSECRET\\Desktop\\Integra\\src\\components\\ui\\tooltip.tsx"
2025-10-25T14:41:10.666579Z  INFO scan_sources: tailwindcss_oxide::scanner: Discovering "C:\\Users\\TOPSECRET\\Desktop\\Integra\\src\\components\\ui\\typography.tsx"
2025-10-25T14:41:10.666941Z  INFO scan_sources: tailwindcss_oxide::scanner: Discovering "C:\\Users\\TOPSECRET\\Desktop\\Integra\\src\\components\\ux"
2025-10-25T14:41:10.667405Z  INFO scan_sources: tailwindcss_oxide::scanner: Discovering "C:\\Users\\TOPSECRET\\Desktop\\Integra\\src\\components\\ux\\DashboardStats"
2025-10-25T14:41:10.668014Z  INFO scan_sources: tailwindcss_oxide::scanner: Discovering "C:\\Users\\TOPSECRET\\Desktop\\Integra\\src\\components\\ux\\DashboardStats\\main-stats.tsx"
2025-10-25T14:41:10.668969Z  INFO scan_sources: tailwindcss_oxide::scanner: Discovering "C:\\Users\\TOPSECRET\\Desktop\\Integra\\src\\components\\ux\\login"
2025-10-25T14:41:10.670107Z  INFO scan_sources: tailwindcss_oxide::scanner: Discovering "C:\\Users\\TOPSECRET\\Desktop\\Integra\\src\\components\\ux\\login\\login-form.tsx"
2025-10-25T14:41:10.670533Z  INFO scan_sources: tailwindcss_oxide::scanner: Discovering "C:\\Users\\TOPSECRET\\Desktop\\Integra\\src\\components\\ux\\login\\users.json"
2025-10-25T14:41:10.670932Z  INFO scan_sources: tailwindcss_oxide::scanner: Discovering "C:\\Users\\TOPSECRET\\Desktop\\Integra\\src\\components\\ux\\register"
2025-10-25T14:41:10.671312Z  INFO scan_sources: tailwindcss_oxide::scanner: Discovering "C:\\Users\\TOPSECRET\\Desktop\\Integra\\src\\components\\ux\\register\\register-form.tsx"
2025-10-25T14:41:10.671737Z  INFO scan_sources: tailwindcss_oxide::scanner: Discovering "C:\\Users\\TOPSECRET\\Desktop\\Integra\\src\\config"
2025-10-25T14:41:10.672184Z  INFO scan_sources: tailwindcss_oxide::scanner: Discovering "C:\\Users\\TOPSECRET\\Desktop\\Integra\\src\\config\\siteConfig.ts"
2025-10-25T14:41:10.672827Z  INFO scan_sources: tailwindcss_oxide::scanner: Discovering "C:\\Users\\TOPSECRET\\Desktop\\Integra\\src\\hooks"
2025-10-25T14:41:10.673133Z  INFO scan_sources: tailwindcss_oxide::scanner: Discovering "C:\\Users\\TOPSECRET\\Desktop\\Integra\\src\\hooks\\use-mobile.ts"
2025-10-25T14:41:10.673471Z  INFO scan_sources: tailwindcss_oxide::scanner: Discovering "C:\\Users\\TOPSECRET\\Desktop\\Integra\\src\\interfaces"
2025-10-25T14:41:10.673778Z  INFO scan_sources: tailwindcss_oxide::scanner: Discovering "C:\\Users\\TOPSECRET\\Desktop\\Integra\\src\\interfaces\\updateNextAuth.ts"
2025-10-25T14:41:10.673929Z  INFO scan_sources: tailwindcss_oxide::scanner: Discovering "C:\\Users\\TOPSECRET\\Desktop\\Integra\\src\\interfaces\\user-interfaces.ts"
2025-10-25T14:41:10.674236Z  INFO scan_sources: tailwindcss_oxide::scanner: Discovering "C:\\Users\\TOPSECRET\\Desktop\\Integra\\src\\lib"
2025-10-25T14:41:10.674748Z  INFO scan_sources: tailwindcss_oxide::scanner: Discovering "C:\\Users\\TOPSECRET\\Desktop\\Integra\\src\\lib\\supabase"
2025-10-25T14:41:10.675059Z  INFO scan_sources: tailwindcss_oxide::scanner: Discovering "C:\\Users\\TOPSECRET\\Desktop\\Integra\\src\\lib\\supabase\\client.ts"
2025-10-25T14:41:10.675206Z  INFO scan_sources: tailwindcss_oxide::scanner: Discovering "C:\\Users\\TOPSECRET\\Desktop\\Integra\\src\\lib\\supabase\\server.ts"
2025-10-25T14:41:10.675435Z  INFO scan_sources: tailwindcss_oxide::scanner: Discovering "C:\\Users\\TOPSECRET\\Desktop\\Integra\\src\\lib\\utils.ts"
2025-10-25T14:41:10.675745Z  INFO scan_sources: tailwindcss_oxide::scanner: Discovering "C:\\Users\\TOPSECRET\\Desktop\\Integra\\src\\providers"
2025-10-25T14:41:10.676052Z  INFO scan_sources: tailwindcss_oxide::scanner: Discovering "C:\\Users\\TOPSECRET\\Desktop\\Integra\\src\\providers\\QueryProvider.tsx"
2025-10-25T14:41:10.676345Z  INFO scan_sources: tailwindcss_oxide::scanner: Discovering "C:\\Users\\TOPSECRET\\Desktop\\Integra\\src\\types"
2025-10-25T14:41:10.676647Z  INFO scan_sources: tailwindcss_oxide::scanner: Discovering "C:\\Users\\TOPSECRET\\Desktop\\Integra\\src\\types\\form-data.ts"
2025-10-25T14:41:10.676936Z  INFO scan_sources: tailwindcss_oxide::scanner: Discovering "C:\\Users\\TOPSECRET\\Desktop\\Integra\\src\\utils"
2025-10-25T14:41:10.677228Z  INFO scan_sources: tailwindcss_oxide::scanner: Discovering "C:\\Users\\TOPSECRET\\Desktop\\Integra\\src\\utils\\prisma.ts"
2025-10-25T14:41:10.677405Z  INFO scan_sources: tailwindcss_oxide::scanner: Discovering "C:\\Users\\TOPSECRET\\Desktop\\Integra\\src\\utils\\user.ts"
2025-10-25T14:41:10.677698Z  INFO scan_sources: tailwindcss_oxide::scanner: Discovering "C:\\Users\\TOPSECRET\\Desktop\\Integra\\tsconfig.json"
2025-10-25T14:41:10.677949Z  INFO scan_sources: tailwindcss_oxide::scanner: exit
2025-10-25T14:41:10.677974Z  INFO extract_candidates: tailwindcss_oxide::scanner: enter
2025-10-25T14:41:10.678001Z  INFO extract_candidates:read_all_files: tailwindcss_oxide::scanner: enter
2025-10-25T14:41:10.678014Z  INFO extract_candidates:read_all_files: tailwindcss_oxide::scanner: Reading 73 file(s)
2025-10-25T14:41:10.679285Z  INFO tailwindcss_oxide::scanner: Reading "C:\\Users\\TOPSECRET\\Desktop\\Integra\\src\\components\\common\\TableSkeleton\\TableSkeleton.tsx"
2025-10-25T14:41:10.679346Z  INFO tailwindcss_oxide::scanner: Reading "C:\\Users\\TOPSECRET\\Desktop\\Integra\\.idea\\deployment.xml"
2025-10-25T14:41:10.679287Z  INFO tailwindcss_oxide::scanner: Reading "C:\\Users\\TOPSECRET\\Desktop\\Integra\\src\\components\\ui\\textarea.tsx"
2025-10-25T14:41:10.679598Z  INFO tailwindcss_oxide::scanner: Reading "C:\\Users\\TOPSECRET\\Desktop\\Integra\\src\\components\\ui\\button.tsx"
2025-10-25T14:41:10.679626Z  INFO tailwindcss_oxide::scanner: Reading "C:\\Users\\TOPSECRET\\Desktop\\Integra\\src\\components\\ui\\tooltip.tsx"
2025-10-25T14:41:10.679661Z  INFO tailwindcss_oxide::scanner: Reading "C:\\Users\\TOPSECRET\\Desktop\\Integra\\.idea\\inspectionProfiles\\Project_Default.xml"
2025-10-25T14:41:10.679767Z  INFO tailwindcss_oxide::scanner: Reading "C:\\Users\\TOPSECRET\\Desktop\\Integra\\src\\components\\ui\\card.tsx"
2025-10-25T14:41:10.679799Z  INFO tailwindcss_oxide::scanner: Reading "C:\\Users\\TOPSECRET\\Desktop\\Integra\\src\\components\\ui\\typography.tsx"
2025-10-25T14:41:10.679874Z  INFO tailwindcss_oxide::scanner: Reading "C:\\Users\\TOPSECRET\\Desktop\\Integra\\.idea\\modules.xml"
2025-10-25T14:41:10.679931Z  INFO tailwindcss_oxide::scanner: Reading "C:\\Users\\TOPSECRET\\Desktop\\Integra\\src\\components\\ui\\collapsible.tsx"
2025-10-25T14:41:10.679956Z  INFO tailwindcss_oxide::scanner: Reading "C:\\Users\\TOPSECRET\\Desktop\\Integra\\src\\components\\ux\\DashboardStats\\main-stats.tsx"
2025-10-25T14:41:10.680086Z  INFO tailwindcss_oxide::scanner: Reading "C:\\Users\\TOPSECRET\\Desktop\\Integra\\src\\components\\ui\\dropdown-menu.tsx"
2025-10-25T14:41:10.680088Z  INFO tailwindcss_oxide::scanner: Reading "C:\\Users\\TOPSECRET\\Desktop\\Integra\\.idea\\php.xml"
2025-10-25T14:41:10.680127Z  INFO tailwindcss_oxide::scanner: Reading "C:\\Users\\TOPSECRET\\Desktop\\Integra\\src\\components\\ux\\login\\login-form.tsx"
2025-10-25T14:41:10.680239Z  INFO tailwindcss_oxide::scanner: Reading "C:\\Users\\TOPSECRET\\Desktop\\Integra\\src\\components\\ui\\field.tsx"
2025-10-25T14:41:10.680460Z  INFO tailwindcss_oxide::scanner: Reading "C:\\Users\\TOPSECRET\\Desktop\\Integra\\src\\components\\ux\\login\\users.json"
2025-10-25T14:41:10.680489Z  INFO tailwindcss_oxide::scanner: Reading "C:\\Users\\TOPSECRET\\Desktop\\Integra\\src\\components\\ui\\input-group.tsx"
2025-10-25T14:41:10.680508Z  INFO tailwindcss_oxide::scanner: Reading "C:\\Users\\TOPSECRET\\Desktop\\Integra\\.idea\\shelf\\Uncommitted_changes_before_Update_at_20_10_2025_22_00_[Changes]\\shelved.patch"
2025-10-25T14:41:10.680621Z  INFO tailwindcss_oxide::scanner: Reading "C:\\Users\\TOPSECRET\\Desktop\\Integra\\src\\components\\ui\\progress.tsx"
2025-10-25T14:41:10.680677Z  INFO tailwindcss_oxide::scanner: Reading "C:\\Users\\TOPSECRET\\Desktop\\Integra\\src\\components\\ux\\register\\register-form.tsx"
2025-10-25T14:41:10.680748Z  INFO tailwindcss_oxide::scanner: Reading "C:\\Users\\TOPSECRET\\Desktop\\Integra\\src\\components\\ui\\input.tsx"
2025-10-25T14:41:10.680812Z  INFO tailwindcss_oxide::scanner: Reading "C:\\Users\\TOPSECRET\\Desktop\\Integra\\src\\components\\ui\\select.tsx"
2025-10-25T14:41:10.680858Z  INFO tailwindcss_oxide::scanner: Reading "C:\\Users\\TOPSECRET\\Desktop\\Integra\\src\\config\\siteConfig.ts"
2025-10-25T14:41:10.680925Z  INFO tailwindcss_oxide::scanner: Reading "C:\\Users\\TOPSECRET\\Desktop\\Integra\\src\\components\\ui\\label.tsx"
2025-10-25T14:41:10.680976Z  INFO tailwindcss_oxide::scanner: Reading "C:\\Users\\TOPSECRET\\Desktop\\Integra\\src\\components\\ui\\separator.tsx"
2025-10-25T14:41:10.681034Z  INFO tailwindcss_oxide::scanner: Reading "C:\\Users\\TOPSECRET\\Desktop\\Integra\\src\\hooks\\use-mobile.ts"
2025-10-25T14:41:10.681053Z  INFO tailwindcss_oxide::scanner: Reading "C:\\Users\\TOPSECRET\\Desktop\\Integra\\src\\interfaces\\updateNextAuth.ts"
2025-10-25T14:41:10.681131Z  INFO tailwindcss_oxide::scanner: Reading "C:\\Users\\TOPSECRET\\Desktop\\Integra\\src\\components\\ui\\sheet.tsx"
2025-10-25T14:41:10.681184Z  INFO tailwindcss_oxide::scanner: Reading "C:\\Users\\TOPSECRET\\Desktop\\Integra\\src\\providers\\QueryProvider.tsx"
2025-10-25T14:41:10.681334Z  INFO tailwindcss_oxide::scanner: Reading "C:\\Users\\TOPSECRET\\Desktop\\Integra\\src\\types\\form-data.ts"
2025-10-25T14:41:10.681338Z  INFO tailwindcss_oxide::scanner: Reading "C:\\Users\\TOPSECRET\\Desktop\\Integra\\src\\components\\ui\\sidebar.tsx"
2025-10-25T14:41:10.680813Z  INFO tailwindcss_oxide::scanner: Reading "C:\\Users\\TOPSECRET\\Desktop\\Integra\\.idea\\shelf\\Uncommitted_changes_before_Update_at_20_10_2025_22_00__Changes_.xml"
2025-10-25T14:41:10.681404Z  INFO tailwindcss_oxide::scanner: Reading "C:\\Users\\TOPSECRET\\Desktop\\Integra\\src\\lib\\supabase\\client.ts"
2025-10-25T14:41:10.681481Z  INFO tailwindcss_oxide::scanner: Reading "C:\\Users\\TOPSECRET\\Desktop\\Integra\\src\\utils\\prisma.ts"
2025-10-25T14:41:10.681512Z  INFO tailwindcss_oxide::scanner: Reading "C:\\Users\\TOPSECRET\\Desktop\\Integra\\src\\components\\ui\\skeleton.tsx"
2025-10-25T14:41:10.681631Z  INFO tailwindcss_oxide::scanner: Reading "C:\\Users\\TOPSECRET\\Desktop\\Integra\\src\\lib\\supabase\\server.ts"
2025-10-25T14:41:10.681635Z  INFO tailwindcss_oxide::scanner: Reading "C:\\Users\\TOPSECRET\\Desktop\\Integra\\src\\utils\\user.ts"
2025-10-25T14:41:10.681673Z  INFO tailwindcss_oxide::scanner: Reading "C:\\Users\\TOPSECRET\\Desktop\\Integra\\src\\components\\ui\\sonner.tsx"
2025-10-25T14:41:10.681703Z  INFO tailwindcss_oxide::scanner: Reading "C:\\Users\\TOPSECRET\\Desktop\\Integra\\.idea\\sisya.iml"
2025-10-25T14:41:10.681797Z  INFO tailwindcss_oxide::scanner: Reading "C:\\Users\\TOPSECRET\\Desktop\\Integra\\src\\lib\\utils.ts"
2025-10-25T14:41:10.681822Z  INFO tailwindcss_oxide::scanner: Reading "C:\\Users\\TOPSECRET\\Desktop\\Integra\\tsconfig.json"
2025-10-25T14:41:10.681910Z  INFO tailwindcss_oxide::scanner: Reading "C:\\Users\\TOPSECRET\\Desktop\\Integra\\.idea\\vcs.xml"
2025-10-25T14:41:10.681834Z  INFO tailwindcss_oxide::scanner: Reading "C:\\Users\\TOPSECRET\\Desktop\\Integra\\src\\components\\ui\\table.tsx"
2025-10-25T14:41:10.682010Z  INFO tailwindcss_oxide::scanner: Reading "C:\\Users\\TOPSECRET\\Desktop\\Integra\\public\\globe.svg"
2025-10-25T14:41:10.682094Z  INFO tailwindcss_oxide::scanner: Reading "C:\\Users\\TOPSECRET\\Desktop\\Integra\\components.json"
2025-10-25T14:41:10.682125Z  INFO tailwindcss_oxide::scanner: Reading "C:\\Users\\TOPSECRET\\Desktop\\Integra\\.idea\\workspace.xml"
2025-10-25T14:41:10.682166Z  INFO tailwindcss_oxide::scanner: Reading "C:\\Users\\TOPSECRET\\Desktop\\Integra\\src\\components\\ui\\tabs.tsx"
2025-10-25T14:41:10.682229Z  INFO tailwindcss_oxide::scanner: Reading "C:\\Users\\TOPSECRET\\Desktop\\Integra\\public\\next.svg"
2025-10-25T14:41:10.682328Z  INFO tailwindcss_oxide::scanner: Reading "C:\\Users\\TOPSECRET\\Desktop\\Integra\\eslint.config.mjs"
2025-10-25T14:41:10.682345Z  INFO tailwindcss_oxide::scanner: Reading "C:\\Users\\TOPSECRET\\Desktop\\Integra\\next.config.ts"
2025-10-25T14:41:10.682353Z  INFO tailwindcss_oxide::scanner: Reading "C:\\Users\\TOPSECRET\\Desktop\\Integra\\postcss.config.mjs"
2025-10-25T14:41:10.682495Z  INFO tailwindcss_oxide::scanner: Reading "C:\\Users\\TOPSECRET\\Desktop\\Integra\\package.json"
2025-10-25T14:41:10.682584Z  INFO tailwindcss_oxide::scanner: Reading "C:\\Users\\TOPSECRET\\Desktop\\Integra\\prisma\\migrations\\20251019081833_prisma_db_push\\migration.sql"
2025-10-25T14:41:10.682757Z  INFO tailwindcss_oxide::scanner: Reading "C:\\Users\\TOPSECRET\\Desktop\\Integra\\public\\vercel.svg"
2025-10-25T14:41:10.682777Z  INFO tailwindcss_oxide::scanner: Reading "C:\\Users\\TOPSECRET\\Desktop\\Integra\\prisma\\schema.prisma"
2025-10-25T14:41:10.683019Z  INFO tailwindcss_oxide::scanner: Reading "C:\\Users\\TOPSECRET\\Desktop\\Integra\\public\\window.svg"
2025-10-25T14:41:10.683066Z  INFO tailwindcss_oxide::scanner: Reading "C:\\Users\\TOPSECRET\\Desktop\\Integra\\public\\file.svg"
2025-10-25T14:41:10.683154Z  INFO tailwindcss_oxide::scanner: Reading "C:\\Users\\TOPSECRET\\Desktop\\Integra\\src\\interfaces\\user-interfaces.ts"
2025-10-25T14:41:10.683238Z  INFO tailwindcss_oxide::scanner: Reading "C:\\Users\\TOPSECRET\\Desktop\\Integra\\src\\app\\layout.tsx"
2025-10-25T14:41:10.683245Z  INFO tailwindcss_oxide::scanner: Reading "C:\\Users\\TOPSECRET\\Desktop\\Integra\\README.md"
2025-10-25T14:41:10.683369Z  INFO tailwindcss_oxide::scanner: Reading "C:\\Users\\TOPSECRET\\Desktop\\Integra\\src\\app\\login\\actions.ts"
2025-10-25T14:41:10.683399Z  INFO tailwindcss_oxide::scanner: Reading "C:\\Users\\TOPSECRET\\Desktop\\Integra\\src\\app\\loading.tsx"
2025-10-25T14:41:10.683434Z  INFO tailwindcss_oxide::scanner: Reading "C:\\Users\\TOPSECRET\\Desktop\\Integra\\src\\actions\\getUsers.ts"
2025-10-25T14:41:10.683537Z  INFO tailwindcss_oxide::scanner: Reading "C:\\Users\\TOPSECRET\\Desktop\\Integra\\src\\app\\page.tsx"
2025-10-25T14:41:10.683563Z  INFO tailwindcss_oxide::scanner: Reading "C:\\Users\\TOPSECRET\\Desktop\\Integra\\src\\components\\common\\AppSidebar\\AppSidebar.tsx"
2025-10-25T14:41:10.683596Z  INFO tailwindcss_oxide::scanner: Reading "C:\\Users\\TOPSECRET\\Desktop\\Integra\\src\\app\\(secured)\\clients\\page.tsx"
2025-10-25T14:41:10.683701Z  INFO tailwindcss_oxide::scanner: Reading "C:\\Users\\TOPSECRET\\Desktop\\Integra\\src\\app\\(secured)\\dashboard\\page.tsx"
2025-10-25T14:41:10.683750Z  INFO tailwindcss_oxide::scanner: Reading "C:\\Users\\TOPSECRET\\Desktop\\Integra\\src\\app\\(secured)\\layout.tsx"
2025-10-25T14:41:10.683777Z  INFO tailwindcss_oxide::scanner: Reading "C:\\Users\\TOPSECRET\\Desktop\\Integra\\src\\app\\api\\auth\\[...nextauth]\\route.ts"
2025-10-25T14:41:10.683880Z  INFO tailwindcss_oxide::scanner: Reading "C:\\Users\\TOPSECRET\\Desktop\\Integra\\src\\app\\(secured)\\users\\page.tsx"
2025-10-25T14:41:10.683902Z  INFO tailwindcss_oxide::scanner: Reading "C:\\Users\\TOPSECRET\\Desktop\\Integra\\src\\app\\api\\finances\\route.ts"
2025-10-25T14:41:10.684172Z  INFO tailwindcss_oxide::scanner: Reading "C:\\Users\\TOPSECRET\\Desktop\\Integra\\src\\app\\(secured)\\structure\\page.tsx"
2025-10-25T14:41:10.684181Z  INFO tailwindcss_oxide::scanner: Reading "C:\\Users\\TOPSECRET\\Desktop\\Integra\\prisma\\migrations\\migration_lock.toml"
2025-10-25T14:41:10.684462Z  INFO extract_candidates:read_all_files: tailwindcss_oxide::scanner: exit
2025-10-25T14:41:10.684512Z  INFO extract_candidates:parse_all_blobs: tailwindcss_oxide::scanner: enter
2025-10-25T14:41:10.684530Z  INFO extract_candidates:parse_all_blobs:extract: tailwindcss_oxide::scanner: enter
2025-10-25T14:41:10.688991Z  INFO extract_candidates:parse_all_blobs:extract: tailwindcss_oxide::scanner: exit
2025-10-25T14:41:10.689076Z  INFO extract_candidates:parse_all_blobs: tailwindcss_oxide::scanner: exit
2025-10-25T14:41:10.689097Z  INFO extract_candidates:read_all_files: tailwindcss_oxide::scanner: enter
2025-10-25T14:41:10.689111Z  INFO extract_candidates:read_all_files: tailwindcss_oxide::scanner: Reading 1 file(s)
2025-10-25T14:41:10.689377Z  INFO extract_candidates:read_all_files: tailwindcss_oxide::scanner: Reading "C:\\Users\\TOPSECRET\\Desktop\\Integra\\src\\app\\globals.css"
2025-10-25T14:41:10.689407Z  INFO extract_candidates:read_all_files: tailwindcss_oxide::scanner: exit
2025-10-25T14:41:10.689424Z  INFO extract_candidates:extract_css_variables: tailwindcss_oxide::scanner: enter
2025-10-25T14:41:10.689438Z  INFO extract_candidates:extract_css_variables:extract: tailwindcss_oxide::scanner: enter
2025-10-25T14:41:10.689698Z  INFO extract_candidates:extract_css_variables:extract: tailwindcss_oxide::scanner: exit
2025-10-25T14:41:10.689735Z  INFO extract_candidates:extract_css_variables: tailwindcss_oxide::scanner: exit
2025-10-25T14:41:10.691175Z  INFO extract_candidates: tailwindcss_oxide::scanner: exit
2025-10-25T14:41:10.693047Z  INFO get_files: tailwindcss_oxide::scanner: enter
2025-10-25T14:41:10.693084Z  INFO get_files:scan_sources: tailwindcss_oxide::scanner: enter
2025-10-25T14:41:10.697045Z  INFO get_files:scan_sources: tailwindcss_oxide::scanner: Discovering "C:\\Users\\TOPSECRET\\Desktop\\Integra\\.idea"
2025-10-25T14:41:10.697696Z  INFO get_files:scan_sources: tailwindcss_oxide::scanner: Discovering "C:\\Users\\TOPSECRET\\Desktop\\Integra\\.idea\\inspectionProfiles"
2025-10-25T14:41:10.698596Z  INFO get_files:scan_sources: tailwindcss_oxide::scanner: Discovering "C:\\Users\\TOPSECRET\\Desktop\\Integra\\.idea\\shelf"
2025-10-25T14:41:10.699525Z  INFO get_files:scan_sources: tailwindcss_oxide::scanner: Discovering "C:\\Users\\TOPSECRET\\Desktop\\Integra\\.idea\\shelf\\Uncommitted_changes_before_Update_at_20_10_2025_22_00_[Changes]"
2025-10-25T14:41:10.702343Z  INFO get_files:scan_sources: tailwindcss_oxide::scanner: Discovering "C:\\Users\\TOPSECRET\\Desktop\\Integra\\prisma"
2025-10-25T14:41:10.702801Z  INFO get_files:scan_sources: tailwindcss_oxide::scanner: Discovering "C:\\Users\\TOPSECRET\\Desktop\\Integra\\prisma\\migrations"
2025-10-25T14:41:10.703240Z  INFO get_files:scan_sources: tailwindcss_oxide::scanner: Discovering "C:\\Users\\TOPSECRET\\Desktop\\Integra\\prisma\\migrations\\20251019081833_prisma_db_push"
2025-10-25T14:41:10.704109Z  INFO get_files:scan_sources: tailwindcss_oxide::scanner: Discovering "C:\\Users\\TOPSECRET\\Desktop\\Integra\\public"
2025-10-25T14:41:10.705056Z  INFO get_files:scan_sources: tailwindcss_oxide::scanner: Discovering "C:\\Users\\TOPSECRET\\Desktop\\Integra\\src"
2025-10-25T14:41:10.705510Z  INFO get_files:scan_sources: tailwindcss_oxide::scanner: Discovering "C:\\Users\\TOPSECRET\\Desktop\\Integra\\src\\actions"
2025-10-25T14:41:10.706052Z  INFO get_files:scan_sources: tailwindcss_oxide::scanner: Discovering "C:\\Users\\TOPSECRET\\Desktop\\Integra\\src\\app"
2025-10-25T14:41:10.706465Z  INFO get_files:scan_sources: tailwindcss_oxide::scanner: Discovering "C:\\Users\\TOPSECRET\\Desktop\\Integra\\src\\app\\(secured)"
2025-10-25T14:41:10.707035Z  INFO get_files:scan_sources: tailwindcss_oxide::scanner: Discovering "C:\\Users\\TOPSECRET\\Desktop\\Integra\\src\\app\\(secured)\\clients"
2025-10-25T14:41:10.707618Z  INFO get_files:scan_sources: tailwindcss_oxide::scanner: Discovering "C:\\Users\\TOPSECRET\\Desktop\\Integra\\src\\app\\(secured)\\dashboard"
2025-10-25T14:41:10.708230Z  INFO get_files:scan_sources: tailwindcss_oxide::scanner: Discovering "C:\\Users\\TOPSECRET\\Desktop\\Integra\\src\\app\\(secured)\\structure"
2025-10-25T14:41:10.708747Z  INFO get_files:scan_sources: tailwindcss_oxide::scanner: Discovering "C:\\Users\\TOPSECRET\\Desktop\\Integra\\src\\app\\(secured)\\users"
2025-10-25T14:41:10.709450Z  INFO get_files:scan_sources: tailwindcss_oxide::scanner: Discovering "C:\\Users\\TOPSECRET\\Desktop\\Integra\\src\\app\\api"
2025-10-25T14:41:10.709892Z  INFO get_files:scan_sources: tailwindcss_oxide::scanner: Discovering "C:\\Users\\TOPSECRET\\Desktop\\Integra\\src\\app\\api\\auth"
2025-10-25T14:41:10.710330Z  INFO get_files:scan_sources: tailwindcss_oxide::scanner: Discovering "C:\\Users\\TOPSECRET\\Desktop\\Integra\\src\\app\\api\\auth\\[...nextauth]"
2025-10-25T14:41:10.711076Z  INFO get_files:scan_sources: tailwindcss_oxide::scanner: Discovering "C:\\Users\\TOPSECRET\\Desktop\\Integra\\src\\app\\api\\finances"
2025-10-25T14:41:10.711961Z  INFO get_files:scan_sources: tailwindcss_oxide::scanner: Discovering "C:\\Users\\TOPSECRET\\Desktop\\Integra\\src\\app\\login"
2025-10-25T14:41:10.713826Z  INFO get_files:scan_sources: tailwindcss_oxide::scanner: Discovering "C:\\Users\\TOPSECRET\\Desktop\\Integra\\src\\components"
2025-10-25T14:41:10.714604Z  INFO get_files:scan_sources: tailwindcss_oxide::scanner: Discovering "C:\\Users\\TOPSECRET\\Desktop\\Integra\\src\\components\\common"
2025-10-25T14:41:10.715286Z  INFO get_files:scan_sources: tailwindcss_oxide::scanner: Discovering "C:\\Users\\TOPSECRET\\Desktop\\Integra\\src\\components\\common\\AppSidebar"
2025-10-25T14:41:10.716592Z  INFO get_files:scan_sources: tailwindcss_oxide::scanner: Discovering "C:\\Users\\TOPSECRET\\Desktop\\Integra\\src\\components\\common\\TableSkeleton"
2025-10-25T14:41:10.717350Z  INFO get_files:scan_sources: tailwindcss_oxide::scanner: Discovering "C:\\Users\\TOPSECRET\\Desktop\\Integra\\src\\components\\ui"
2025-10-25T14:41:10.719374Z  INFO get_files:scan_sources: tailwindcss_oxide::scanner: Discovering "C:\\Users\\TOPSECRET\\Desktop\\Integra\\src\\components\\ux"
2025-10-25T14:41:10.719854Z  INFO get_files:scan_sources: tailwindcss_oxide::scanner: Discovering "C:\\Users\\TOPSECRET\\Desktop\\Integra\\src\\components\\ux\\DashboardStats"
2025-10-25T14:41:10.720496Z  INFO get_files:scan_sources: tailwindcss_oxide::scanner: Discovering "C:\\Users\\TOPSECRET\\Desktop\\Integra\\src\\components\\ux\\login"
2025-10-25T14:41:10.721106Z  INFO get_files:scan_sources: tailwindcss_oxide::scanner: Discovering "C:\\Users\\TOPSECRET\\Desktop\\Integra\\src\\components\\ux\\register"
2025-10-25T14:41:10.721968Z  INFO get_files:scan_sources: tailwindcss_oxide::scanner: Discovering "C:\\Users\\TOPSECRET\\Desktop\\Integra\\src\\config"
2025-10-25T14:41:10.722855Z  INFO get_files:scan_sources: tailwindcss_oxide::scanner: Discovering "C:\\Users\\TOPSECRET\\Desktop\\Integra\\src\\hooks"
2025-10-25T14:41:10.723376Z  INFO get_files:scan_sources: tailwindcss_oxide::scanner: Discovering "C:\\Users\\TOPSECRET\\Desktop\\Integra\\src\\interfaces"
2025-10-25T14:41:10.724024Z  INFO get_files:scan_sources: tailwindcss_oxide::scanner: Discovering "C:\\Users\\TOPSECRET\\Desktop\\Integra\\src\\lib"
2025-10-25T14:41:10.724411Z  INFO get_files:scan_sources: tailwindcss_oxide::scanner: Discovering "C:\\Users\\TOPSECRET\\Desktop\\Integra\\src\\lib\\supabase"
2025-10-25T14:41:10.725121Z  INFO get_files:scan_sources: tailwindcss_oxide::scanner: Discovering "C:\\Users\\TOPSECRET\\Desktop\\Integra\\src\\providers"
2025-10-25T14:41:10.725642Z  INFO get_files:scan_sources: tailwindcss_oxide::scanner: Discovering "C:\\Users\\TOPSECRET\\Desktop\\Integra\\src\\types"
2025-10-25T14:41:10.726210Z  INFO get_files:scan_sources: tailwindcss_oxide::scanner: Discovering "C:\\Users\\TOPSECRET\\Desktop\\Integra\\src\\utils"
2025-10-25T14:41:10.727006Z  INFO get_files:scan_sources: tailwindcss_oxide::scanner: exit
2025-10-25T14:41:10.727417Z  INFO get_files: tailwindcss_oxide::scanner: exit
2025-10-25T14:41:10.728048Z  INFO get_globs: tailwindcss_oxide::scanner: enter
2025-10-25T14:41:10.728071Z  INFO get_globs:scan_sources: tailwindcss_oxide::scanner: enter
2025-10-25T14:41:10.731371Z  INFO get_globs:scan_sources: tailwindcss_oxide::scanner: Discovering "C:\\Users\\TOPSECRET\\Desktop\\Integra\\.idea"
2025-10-25T14:41:10.732158Z  INFO get_globs:scan_sources: tailwindcss_oxide::scanner: Discovering "C:\\Users\\TOPSECRET\\Desktop\\Integra\\.idea\\inspectionProfiles"
2025-10-25T14:41:10.732928Z  INFO get_globs:scan_sources: tailwindcss_oxide::scanner: Discovering "C:\\Users\\TOPSECRET\\Desktop\\Integra\\.idea\\shelf"
2025-10-25T14:41:10.733352Z  INFO get_globs:scan_sources: tailwindcss_oxide::scanner: Discovering "C:\\Users\\TOPSECRET\\Desktop\\Integra\\.idea\\shelf\\Uncommitted_changes_before_Update_at_20_10_2025_22_00_[Changes]"
2025-10-25T14:41:10.735503Z  INFO get_globs:scan_sources: tailwindcss_oxide::scanner: Discovering "C:\\Users\\TOPSECRET\\Desktop\\Integra\\prisma"
2025-10-25T14:41:10.735940Z  INFO get_globs:scan_sources: tailwindcss_oxide::scanner: Discovering "C:\\Users\\TOPSECRET\\Desktop\\Integra\\prisma\\migrations"
2025-10-25T14:41:10.736339Z  INFO get_globs:scan_sources: tailwindcss_oxide::scanner: Discovering "C:\\Users\\TOPSECRET\\Desktop\\Integra\\prisma\\migrations\\20251019081833_prisma_db_push"
2025-10-25T14:41:10.737133Z  INFO get_globs:scan_sources: tailwindcss_oxide::scanner: Discovering "C:\\Users\\TOPSECRET\\Desktop\\Integra\\public"
2025-10-25T14:41:10.738072Z  INFO get_globs:scan_sources: tailwindcss_oxide::scanner: Discovering "C:\\Users\\TOPSECRET\\Desktop\\Integra\\src"
2025-10-25T14:41:10.738491Z  INFO get_globs:scan_sources: tailwindcss_oxide::scanner: Discovering "C:\\Users\\TOPSECRET\\Desktop\\Integra\\src\\actions"
2025-10-25T14:41:10.739166Z  INFO get_globs:scan_sources: tailwindcss_oxide::scanner: Discovering "C:\\Users\\TOPSECRET\\Desktop\\Integra\\src\\app"
2025-10-25T14:41:10.739585Z  INFO get_globs:scan_sources: tailwindcss_oxide::scanner: Discovering "C:\\Users\\TOPSECRET\\Desktop\\Integra\\src\\app\\(secured)"
2025-10-25T14:41:10.740030Z  INFO get_globs:scan_sources: tailwindcss_oxide::scanner: Discovering "C:\\Users\\TOPSECRET\\Desktop\\Integra\\src\\app\\(secured)\\clients"
2025-10-25T14:41:10.740563Z  INFO get_globs:scan_sources: tailwindcss_oxide::scanner: Discovering "C:\\Users\\TOPSECRET\\Desktop\\Integra\\src\\app\\(secured)\\dashboard"
2025-10-25T14:41:10.741162Z  INFO get_globs:scan_sources: tailwindcss_oxide::scanner: Discovering "C:\\Users\\TOPSECRET\\Desktop\\Integra\\src\\app\\(secured)\\structure"
2025-10-25T14:41:10.741679Z  INFO get_globs:scan_sources: tailwindcss_oxide::scanner: Discovering "C:\\Users\\TOPSECRET\\Desktop\\Integra\\src\\app\\(secured)\\users"
2025-10-25T14:41:10.742278Z  INFO get_globs:scan_sources: tailwindcss_oxide::scanner: Discovering "C:\\Users\\TOPSECRET\\Desktop\\Integra\\src\\app\\api"
2025-10-25T14:41:10.742677Z  INFO get_globs:scan_sources: tailwindcss_oxide::scanner: Discovering "C:\\Users\\TOPSECRET\\Desktop\\Integra\\src\\app\\api\\auth"
2025-10-25T14:41:10.743071Z  INFO get_globs:scan_sources: tailwindcss_oxide::scanner: Discovering "C:\\Users\\TOPSECRET\\Desktop\\Integra\\src\\app\\api\\auth\\[...nextauth]"
2025-10-25T14:41:10.743657Z  INFO get_globs:scan_sources: tailwindcss_oxide::scanner: Discovering "C:\\Users\\TOPSECRET\\Desktop\\Integra\\src\\app\\api\\finances"
2025-10-25T14:41:10.744509Z  INFO get_globs:scan_sources: tailwindcss_oxide::scanner: Discovering "C:\\Users\\TOPSECRET\\Desktop\\Integra\\src\\app\\login"
2025-10-25T14:41:10.745164Z  INFO get_globs:scan_sources: tailwindcss_oxide::scanner: Discovering "C:\\Users\\TOPSECRET\\Desktop\\Integra\\src\\components"
2025-10-25T14:41:10.745563Z  INFO get_globs:scan_sources: tailwindcss_oxide::scanner: Discovering "C:\\Users\\TOPSECRET\\Desktop\\Integra\\src\\components\\common"
2025-10-25T14:41:10.746927Z  INFO get_globs:scan_sources: tailwindcss_oxide::scanner: Discovering "C:\\Users\\TOPSECRET\\Desktop\\Integra\\src\\components\\common\\AppSidebar"
2025-10-25T14:41:10.747499Z  INFO get_globs:scan_sources: tailwindcss_oxide::scanner: Discovering "C:\\Users\\TOPSECRET\\Desktop\\Integra\\src\\components\\common\\TableSkeleton"
2025-10-25T14:41:10.748021Z  INFO get_globs:scan_sources: tailwindcss_oxide::scanner: Discovering "C:\\Users\\TOPSECRET\\Desktop\\Integra\\src\\components\\ui"
2025-10-25T14:41:10.749913Z  INFO get_globs:scan_sources: tailwindcss_oxide::scanner: Discovering "C:\\Users\\TOPSECRET\\Desktop\\Integra\\src\\components\\ux"
2025-10-25T14:41:10.750325Z  INFO get_globs:scan_sources: tailwindcss_oxide::scanner: Discovering "C:\\Users\\TOPSECRET\\Desktop\\Integra\\src\\components\\ux\\DashboardStats"
2025-10-25T14:41:10.750839Z  INFO get_globs:scan_sources: tailwindcss_oxide::scanner: Discovering "C:\\Users\\TOPSECRET\\Desktop\\Integra\\src\\components\\ux\\login"
2025-10-25T14:41:10.751436Z  INFO get_globs:scan_sources: tailwindcss_oxide::scanner: Discovering "C:\\Users\\TOPSECRET\\Desktop\\Integra\\src\\components\\ux\\register"
2025-10-25T14:41:10.752119Z  INFO get_globs:scan_sources: tailwindcss_oxide::scanner: Discovering "C:\\Users\\TOPSECRET\\Desktop\\Integra\\src\\config"
2025-10-25T14:41:10.752985Z  INFO get_globs:scan_sources: tailwindcss_oxide::scanner: Discovering "C:\\Users\\TOPSECRET\\Desktop\\Integra\\src\\hooks"
2025-10-25T14:41:10.753513Z  INFO get_globs:scan_sources: tailwindcss_oxide::scanner: Discovering "C:\\Users\\TOPSECRET\\Desktop\\Integra\\src\\interfaces"
2025-10-25T14:41:10.754146Z  INFO get_globs:scan_sources: tailwindcss_oxide::scanner: Discovering "C:\\Users\\TOPSECRET\\Desktop\\Integra\\src\\lib"
2025-10-25T14:41:10.754549Z  INFO get_globs:scan_sources: tailwindcss_oxide::scanner: Discovering "C:\\Users\\TOPSECRET\\Desktop\\Integra\\src\\lib\\supabase"
2025-10-25T14:41:10.755401Z  INFO get_globs:scan_sources: tailwindcss_oxide::scanner: Discovering "C:\\Users\\TOPSECRET\\Desktop\\Integra\\src\\providers"
2025-10-25T14:41:10.755951Z  INFO get_globs:scan_sources: tailwindcss_oxide::scanner: Discovering "C:\\Users\\TOPSECRET\\Desktop\\Integra\\src\\types"
2025-10-25T14:41:10.756479Z  INFO get_globs:scan_sources: tailwindcss_oxide::scanner: Discovering "C:\\Users\\TOPSECRET\\Desktop\\Integra\\src\\utils"
2025-10-25T14:41:10.757221Z  INFO get_globs:scan_sources: tailwindcss_oxide::scanner: exit
2025-10-25T14:41:10.780441Z  INFO get_globs: tailwindcss_oxide::scanner: exit
2025-10-25T14:44:41.731660Z  INFO scan_sources: tailwindcss_oxide::scanner: enter
2025-10-25T14:44:41.733510Z  INFO scan_sources: tailwindcss_oxide::scanner: Discovering "C:\\Users\\TOPSECRET\\Desktop\\Integra\\.idea"
2025-10-25T14:44:41.733762Z  INFO scan_sources: tailwindcss_oxide::scanner: Discovering "C:\\Users\\TOPSECRET\\Desktop\\Integra\\.idea\\inspectionProfiles"
2025-10-25T14:44:41.734065Z  INFO scan_sources: tailwindcss_oxide::scanner: Discovering "C:\\Users\\TOPSECRET\\Desktop\\Integra\\.idea\\shelf"
2025-10-25T14:44:41.734241Z  INFO scan_sources: tailwindcss_oxide::scanner: Discovering "C:\\Users\\TOPSECRET\\Desktop\\Integra\\.idea\\shelf\\Uncommitted_changes_before_Update_at_20_10_2025_22_00_[Changes]"
2025-10-25T14:44:41.735148Z  INFO scan_sources: tailwindcss_oxide::scanner: Discovering "C:\\Users\\TOPSECRET\\Desktop\\Integra\\prisma"
2025-10-25T14:44:41.735323Z  INFO scan_sources: tailwindcss_oxide::scanner: Discovering "C:\\Users\\TOPSECRET\\Desktop\\Integra\\prisma\\migrations"
2025-10-25T14:44:41.735501Z  INFO scan_sources: tailwindcss_oxide::scanner: Discovering "C:\\Users\\TOPSECRET\\Desktop\\Integra\\prisma\\migrations\\20251019081833_prisma_db_push"
2025-10-25T14:44:41.735885Z  INFO scan_sources: tailwindcss_oxide::scanner: Discovering "C:\\Users\\TOPSECRET\\Desktop\\Integra\\public"
2025-10-25T14:44:41.736286Z  INFO scan_sources: tailwindcss_oxide::scanner: Discovering "C:\\Users\\TOPSECRET\\Desktop\\Integra\\src"
2025-10-25T14:44:41.736477Z  INFO scan_sources: tailwindcss_oxide::scanner: Discovering "C:\\Users\\TOPSECRET\\Desktop\\Integra\\src\\actions"
2025-10-25T14:44:41.736703Z  INFO scan_sources: tailwindcss_oxide::scanner: Discovering "C:\\Users\\TOPSECRET\\Desktop\\Integra\\src\\app"
2025-10-25T14:44:41.736876Z  INFO scan_sources: tailwindcss_oxide::scanner: Discovering "C:\\Users\\TOPSECRET\\Desktop\\Integra\\src\\app\\(secured)"
2025-10-25T14:44:41.737047Z  INFO scan_sources: tailwindcss_oxide::scanner: Discovering "C:\\Users\\TOPSECRET\\Desktop\\Integra\\src\\app\\(secured)\\clients"
2025-10-25T14:44:41.737291Z  INFO scan_sources: tailwindcss_oxide::scanner: Discovering "C:\\Users\\TOPSECRET\\Desktop\\Integra\\src\\app\\(secured)\\dashboard"
2025-10-25T14:44:41.737564Z  INFO scan_sources: tailwindcss_oxide::scanner: Discovering "C:\\Users\\TOPSECRET\\Desktop\\Integra\\src\\app\\(secured)\\structure"
2025-10-25T14:44:41.737783Z  INFO scan_sources: tailwindcss_oxide::scanner: Discovering "C:\\Users\\TOPSECRET\\Desktop\\Integra\\src\\app\\(secured)\\users"
2025-10-25T14:44:41.738025Z  INFO scan_sources: tailwindcss_oxide::scanner: Discovering "C:\\Users\\TOPSECRET\\Desktop\\Integra\\src\\app\\api"
2025-10-25T14:44:41.738194Z  INFO scan_sources: tailwindcss_oxide::scanner: Discovering "C:\\Users\\TOPSECRET\\Desktop\\Integra\\src\\app\\api\\auth"
2025-10-25T14:44:41.738366Z  INFO scan_sources: tailwindcss_oxide::scanner: Discovering "C:\\Users\\TOPSECRET\\Desktop\\Integra\\src\\app\\api\\auth\\[...nextauth]"
2025-10-25T14:44:41.738626Z  INFO scan_sources: tailwindcss_oxide::scanner: Discovering "C:\\Users\\TOPSECRET\\Desktop\\Integra\\src\\app\\api\\finances"
2025-10-25T14:44:41.738983Z  INFO scan_sources: tailwindcss_oxide::scanner: Discovering "C:\\Users\\TOPSECRET\\Desktop\\Integra\\src\\app\\login"
2025-10-25T14:44:41.739308Z  INFO scan_sources: tailwindcss_oxide::scanner: Discovering "C:\\Users\\TOPSECRET\\Desktop\\Integra\\src\\components"
2025-10-25T14:44:41.739472Z  INFO scan_sources: tailwindcss_oxide::scanner: Discovering "C:\\Users\\TOPSECRET\\Desktop\\Integra\\src\\components\\common"
2025-10-25T14:44:41.739635Z  INFO scan_sources: tailwindcss_oxide::scanner: Discovering "C:\\Users\\TOPSECRET\\Desktop\\Integra\\src\\components\\common\\AppSidebar"
2025-10-25T14:44:41.739854Z  INFO scan_sources: tailwindcss_oxide::scanner: Discovering "C:\\Users\\TOPSECRET\\Desktop\\Integra\\src\\components\\common\\TableSkeleton"
2025-10-25T14:44:41.740119Z  INFO scan_sources: tailwindcss_oxide::scanner: Discovering "C:\\Users\\TOPSECRET\\Desktop\\Integra\\src\\components\\ui"
2025-10-25T14:44:41.740956Z  INFO scan_sources: tailwindcss_oxide::scanner: Discovering "C:\\Users\\TOPSECRET\\Desktop\\Integra\\src\\components\\ux"
2025-10-25T14:44:41.741140Z  INFO scan_sources: tailwindcss_oxide::scanner: Discovering "C:\\Users\\TOPSECRET\\Desktop\\Integra\\src\\components\\ux\\DashboardStats"
2025-10-25T14:44:41.741387Z  INFO scan_sources: tailwindcss_oxide::scanner: Discovering "C:\\Users\\TOPSECRET\\Desktop\\Integra\\src\\components\\ux\\login"
2025-10-25T14:44:41.741674Z  INFO scan_sources: tailwindcss_oxide::scanner: Discovering "C:\\Users\\TOPSECRET\\Desktop\\Integra\\src\\components\\ux\\register"
2025-10-25T14:44:41.742001Z  INFO scan_sources: tailwindcss_oxide::scanner: Discovering "C:\\Users\\TOPSECRET\\Desktop\\Integra\\src\\config"
2025-10-25T14:44:41.742411Z  INFO scan_sources: tailwindcss_oxide::scanner: Discovering "C:\\Users\\TOPSECRET\\Desktop\\Integra\\src\\hooks"
2025-10-25T14:44:41.742637Z  INFO scan_sources: tailwindcss_oxide::scanner: Discovering "C:\\Users\\TOPSECRET\\Desktop\\Integra\\src\\interfaces"
2025-10-25T14:44:41.742899Z  INFO scan_sources: tailwindcss_oxide::scanner: Discovering "C:\\Users\\TOPSECRET\\Desktop\\Integra\\src\\lib"
2025-10-25T14:44:41.743063Z  INFO scan_sources: tailwindcss_oxide::scanner: Discovering "C:\\Users\\TOPSECRET\\Desktop\\Integra\\src\\lib\\supabase"
2025-10-25T14:44:41.743389Z  INFO scan_sources: tailwindcss_oxide::scanner: Discovering "C:\\Users\\TOPSECRET\\Desktop\\Integra\\src\\providers"
2025-10-25T14:44:41.743618Z  INFO scan_sources: tailwindcss_oxide::scanner: Discovering "C:\\Users\\TOPSECRET\\Desktop\\Integra\\src\\types"
2025-10-25T14:44:41.743842Z  INFO scan_sources: tailwindcss_oxide::scanner: Discovering "C:\\Users\\TOPSECRET\\Desktop\\Integra\\src\\utils"
2025-10-25T14:44:41.744187Z  INFO scan_sources: tailwindcss_oxide::scanner: exit
2025-10-25T14:44:41.744203Z  INFO extract_candidates: tailwindcss_oxide::scanner: enter
2025-10-25T14:44:41.744210Z  INFO extract_candidates:read_all_files: tailwindcss_oxide::scanner: enter
2025-10-25T14:44:41.744215Z  INFO extract_candidates:read_all_files: tailwindcss_oxide::scanner: Reading 0 file(s)
2025-10-25T14:44:41.744221Z  INFO extract_candidates:read_all_files: tailwindcss_oxide::scanner: exit
2025-10-25T14:44:41.744227Z  INFO extract_candidates:parse_all_blobs: tailwindcss_oxide::scanner: enter
2025-10-25T14:44:41.744232Z  INFO extract_candidates:parse_all_blobs:extract: tailwindcss_oxide::scanner: enter
2025-10-25T14:44:41.744239Z  INFO extract_candidates:parse_all_blobs:extract: tailwindcss_oxide::scanner: exit
2025-10-25T14:44:41.744244Z  INFO extract_candidates:parse_all_blobs: tailwindcss_oxide::scanner: exit
2025-10-25T14:44:41.744251Z  INFO extract_candidates: tailwindcss_oxide::scanner: exit
2025-10-25T14:44:41.745553Z  INFO get_files: tailwindcss_oxide::scanner: enter
2025-10-25T14:44:41.745583Z  INFO get_files:scan_sources: tailwindcss_oxide::scanner: enter
2025-10-25T14:44:41.747090Z  INFO get_files:scan_sources: tailwindcss_oxide::scanner: Discovering "C:\\Users\\TOPSECRET\\Desktop\\Integra\\.idea"
2025-10-25T14:44:41.747334Z  INFO get_files:scan_sources: tailwindcss_oxide::scanner: Discovering "C:\\Users\\TOPSECRET\\Desktop\\Integra\\.idea\\inspectionProfiles"
2025-10-25T14:44:41.747613Z  INFO get_files:scan_sources: tailwindcss_oxide::scanner: Discovering "C:\\Users\\TOPSECRET\\Desktop\\Integra\\.idea\\shelf"
2025-10-25T14:44:41.747752Z  INFO get_files:scan_sources: tailwindcss_oxide::scanner: Discovering "C:\\Users\\TOPSECRET\\Desktop\\Integra\\.idea\\shelf\\Uncommitted_changes_before_Update_at_20_10_2025_22_00_[Changes]"
2025-10-25T14:44:41.748476Z  INFO get_files:scan_sources: tailwindcss_oxide::scanner: Discovering "C:\\Users\\TOPSECRET\\Desktop\\Integra\\prisma"
2025-10-25T14:44:41.748606Z  INFO get_files:scan_sources: tailwindcss_oxide::scanner: Discovering "C:\\Users\\TOPSECRET\\Desktop\\Integra\\prisma\\migrations"
2025-10-25T14:44:41.748729Z  INFO get_files:scan_sources: tailwindcss_oxide::scanner: Discovering "C:\\Users\\TOPSECRET\\Desktop\\Integra\\prisma\\migrations\\20251019081833_prisma_db_push"
2025-10-25T14:44:41.748981Z  INFO get_files:scan_sources: tailwindcss_oxide::scanner: Discovering "C:\\Users\\TOPSECRET\\Desktop\\Integra\\public"
2025-10-25T14:44:41.749273Z  INFO get_files:scan_sources: tailwindcss_oxide::scanner: Discovering "C:\\Users\\TOPSECRET\\Desktop\\Integra\\src"
2025-10-25T14:44:41.749403Z  INFO get_files:scan_sources: tailwindcss_oxide::scanner: Discovering "C:\\Users\\TOPSECRET\\Desktop\\Integra\\src\\actions"
2025-10-25T14:44:41.749562Z  INFO get_files:scan_sources: tailwindcss_oxide::scanner: Discovering "C:\\Users\\TOPSECRET\\Desktop\\Integra\\src\\app"
2025-10-25T14:44:41.749695Z  INFO get_files:scan_sources: tailwindcss_oxide::scanner: Discovering "C:\\Users\\TOPSECRET\\Desktop\\Integra\\src\\app\\(secured)"
2025-10-25T14:44:41.749817Z  INFO get_files:scan_sources: tailwindcss_oxide::scanner: Discovering "C:\\Users\\TOPSECRET\\Desktop\\Integra\\src\\app\\(secured)\\clients"
2025-10-25T14:44:41.749973Z  INFO get_files:scan_sources: tailwindcss_oxide::scanner: Discovering "C:\\Users\\TOPSECRET\\Desktop\\Integra\\src\\app\\(secured)\\dashboard"
2025-10-25T14:44:41.750160Z  INFO get_files:scan_sources: tailwindcss_oxide::scanner: Discovering "C:\\Users\\TOPSECRET\\Desktop\\Integra\\src\\app\\(secured)\\structure"
2025-10-25T14:44:41.750315Z  INFO get_files:scan_sources: tailwindcss_oxide::scanner: Discovering "C:\\Users\\TOPSECRET\\Desktop\\Integra\\src\\app\\(secured)\\users"
2025-10-25T14:44:41.750488Z  INFO get_files:scan_sources: tailwindcss_oxide::scanner: Discovering "C:\\Users\\TOPSECRET\\Desktop\\Integra\\src\\app\\api"
2025-10-25T14:44:41.750606Z  INFO get_files:scan_sources: tailwindcss_oxide::scanner: Discovering "C:\\Users\\TOPSECRET\\Desktop\\Integra\\src\\app\\api\\auth"
2025-10-25T14:44:41.750719Z  INFO get_files:scan_sources: tailwindcss_oxide::scanner: Discovering "C:\\Users\\TOPSECRET\\Desktop\\Integra\\src\\app\\api\\auth\\[...nextauth]"
2025-10-25T14:44:41.750885Z  INFO get_files:scan_sources: tailwindcss_oxide::scanner: Discovering "C:\\Users\\TOPSECRET\\Desktop\\Integra\\src\\app\\api\\finances"
2025-10-25T14:44:41.751120Z  INFO get_files:scan_sources: tailwindcss_oxide::scanner: Discovering "C:\\Users\\TOPSECRET\\Desktop\\Integra\\src\\app\\login"
2025-10-25T14:44:41.751318Z  INFO get_files:scan_sources: tailwindcss_oxide::scanner: Discovering "C:\\Users\\TOPSECRET\\Desktop\\Integra\\src\\components"
2025-10-25T14:44:41.751428Z  INFO get_files:scan_sources: tailwindcss_oxide::scanner: Discovering "C:\\Users\\TOPSECRET\\Desktop\\Integra\\src\\components\\common"
2025-10-25T14:44:41.751561Z  INFO get_files:scan_sources: tailwindcss_oxide::scanner: Discovering "C:\\Users\\TOPSECRET\\Desktop\\Integra\\src\\components\\common\\AppSidebar"
2025-10-25T14:44:41.751706Z  INFO get_files:scan_sources: tailwindcss_oxide::scanner: Discovering "C:\\Users\\TOPSECRET\\Desktop\\Integra\\src\\components\\common\\TableSkeleton"
2025-10-25T14:44:41.751869Z  INFO get_files:scan_sources: tailwindcss_oxide::scanner: Discovering "C:\\Users\\TOPSECRET\\Desktop\\Integra\\src\\components\\ui"
2025-10-25T14:44:41.752431Z  INFO get_files:scan_sources: tailwindcss_oxide::scanner: Discovering "C:\\Users\\TOPSECRET\\Desktop\\Integra\\src\\components\\ux"
2025-10-25T14:44:41.752551Z  INFO get_files:scan_sources: tailwindcss_oxide::scanner: Discovering "C:\\Users\\TOPSECRET\\Desktop\\Integra\\src\\components\\ux\\DashboardStats"
2025-10-25T14:44:41.752693Z  INFO get_files:scan_sources: tailwindcss_oxide::scanner: Discovering "C:\\Users\\TOPSECRET\\Desktop\\Integra\\src\\components\\ux\\login"
2025-10-25T14:44:41.752856Z  INFO get_files:scan_sources: tailwindcss_oxide::scanner: Discovering "C:\\Users\\TOPSECRET\\Desktop\\Integra\\src\\components\\ux\\register"
2025-10-25T14:44:41.753026Z  INFO get_files:scan_sources: tailwindcss_oxide::scanner: Discovering "C:\\Users\\TOPSECRET\\Desktop\\Integra\\src\\config"
2025-10-25T14:44:41.753253Z  INFO get_files:scan_sources: tailwindcss_oxide::scanner: Discovering "C:\\Users\\TOPSECRET\\Desktop\\Integra\\src\\hooks"
2025-10-25T14:44:41.753403Z  INFO get_files:scan_sources: tailwindcss_oxide::scanner: Discovering "C:\\Users\\TOPSECRET\\Desktop\\Integra\\src\\interfaces"
2025-10-25T14:44:41.753566Z  INFO get_files:scan_sources: tailwindcss_oxide::scanner: Discovering "C:\\Users\\TOPSECRET\\Desktop\\Integra\\src\\lib"
2025-10-25T14:44:41.753668Z  INFO get_files:scan_sources: tailwindcss_oxide::scanner: Discovering "C:\\Users\\TOPSECRET\\Desktop\\Integra\\src\\lib\\supabase"
2025-10-25T14:44:41.753863Z  INFO get_files:scan_sources: tailwindcss_oxide::scanner: Discovering "C:\\Users\\TOPSECRET\\Desktop\\Integra\\src\\providers"
2025-10-25T14:44:41.754001Z  INFO get_files:scan_sources: tailwindcss_oxide::scanner: Discovering "C:\\Users\\TOPSECRET\\Desktop\\Integra\\src\\types"
2025-10-25T14:44:41.754136Z  INFO get_files:scan_sources: tailwindcss_oxide::scanner: Discovering "C:\\Users\\TOPSECRET\\Desktop\\Integra\\src\\utils"
2025-10-25T14:44:41.754392Z  INFO get_files:scan_sources: tailwindcss_oxide::scanner: exit
2025-10-25T14:44:41.754557Z  INFO get_files: tailwindcss_oxide::scanner: exit
2025-10-25T14:44:41.755150Z  INFO get_globs: tailwindcss_oxide::scanner: enter
2025-10-25T14:44:41.755171Z  INFO get_globs: tailwindcss_oxide::scanner: exit
2025-10-25T14:46:16.096088Z  INFO scan_sources: tailwindcss_oxide::scanner: enter
2025-10-25T14:46:16.097503Z  INFO scan_sources: tailwindcss_oxide::scanner: Discovering "C:\\Users\\TOPSECRET\\Desktop\\Integra\\.idea"
2025-10-25T14:46:16.097686Z  INFO scan_sources: tailwindcss_oxide::scanner: Discovering "C:\\Users\\TOPSECRET\\Desktop\\Integra\\.idea\\inspectionProfiles"
2025-10-25T14:46:16.097935Z  INFO scan_sources: tailwindcss_oxide::scanner: Discovering "C:\\Users\\TOPSECRET\\Desktop\\Integra\\.idea\\shelf"
2025-10-25T14:46:16.098056Z  INFO scan_sources: tailwindcss_oxide::scanner: Discovering "C:\\Users\\TOPSECRET\\Desktop\\Integra\\.idea\\shelf\\Uncommitted_changes_before_Update_at_20_10_2025_22_00_[Changes]"
2025-10-25T14:46:16.098669Z  INFO scan_sources: tailwindcss_oxide::scanner: Discovering "C:\\Users\\TOPSECRET\\Desktop\\Integra\\prisma"
2025-10-25T14:46:16.098777Z  INFO scan_sources: tailwindcss_oxide::scanner: Discovering "C:\\Users\\TOPSECRET\\Desktop\\Integra\\prisma\\migrations"
2025-10-25T14:46:16.098886Z  INFO scan_sources: tailwindcss_oxide::scanner: Discovering "C:\\Users\\TOPSECRET\\Desktop\\Integra\\prisma\\migrations\\20251019081833_prisma_db_push"
2025-10-25T14:46:16.099107Z  INFO scan_sources: tailwindcss_oxide::scanner: Discovering "C:\\Users\\TOPSECRET\\Desktop\\Integra\\public"
2025-10-25T14:46:16.099362Z  INFO scan_sources: tailwindcss_oxide::scanner: Discovering "C:\\Users\\TOPSECRET\\Desktop\\Integra\\src"
2025-10-25T14:46:16.099476Z  INFO scan_sources: tailwindcss_oxide::scanner: Discovering "C:\\Users\\TOPSECRET\\Desktop\\Integra\\src\\actions"
2025-10-25T14:46:16.099621Z  INFO scan_sources: tailwindcss_oxide::scanner: Discovering "C:\\Users\\TOPSECRET\\Desktop\\Integra\\src\\app"
2025-10-25T14:46:16.099735Z  INFO scan_sources: tailwindcss_oxide::scanner: Discovering "C:\\Users\\TOPSECRET\\Desktop\\Integra\\src\\app\\(secured)"
2025-10-25T14:46:16.099857Z  INFO scan_sources: tailwindcss_oxide::scanner: Discovering "C:\\Users\\TOPSECRET\\Desktop\\Integra\\src\\app\\(secured)\\clients"
2025-10-25T14:46:16.100034Z  INFO scan_sources: tailwindcss_oxide::scanner: Discovering "C:\\Users\\TOPSECRET\\Desktop\\Integra\\src\\app\\(secured)\\dashboard"
2025-10-25T14:46:16.100198Z  INFO scan_sources: tailwindcss_oxide::scanner: Discovering "C:\\Users\\TOPSECRET\\Desktop\\Integra\\src\\app\\(secured)\\structure"
2025-10-25T14:46:16.100339Z  INFO scan_sources: tailwindcss_oxide::scanner: Discovering "C:\\Users\\TOPSECRET\\Desktop\\Integra\\src\\app\\(secured)\\users"
2025-10-25T14:46:16.100421Z  INFO scan_sources: tailwindcss_oxide::scanner: Discovering "C:\\Users\\TOPSECRET\\Desktop\\Integra\\src\\app\\(secured)\\users\\page.tsx"
2025-10-25T14:46:16.100517Z  INFO scan_sources: tailwindcss_oxide::scanner: Discovering "C:\\Users\\TOPSECRET\\Desktop\\Integra\\src\\app\\api"
2025-10-25T14:46:16.100624Z  INFO scan_sources: tailwindcss_oxide::scanner: Discovering "C:\\Users\\TOPSECRET\\Desktop\\Integra\\src\\app\\api\\auth"
2025-10-25T14:46:16.100747Z  INFO scan_sources: tailwindcss_oxide::scanner: Discovering "C:\\Users\\TOPSECRET\\Desktop\\Integra\\src\\app\\api\\auth\\[...nextauth]"
2025-10-25T14:46:16.100901Z  INFO scan_sources: tailwindcss_oxide::scanner: Discovering "C:\\Users\\TOPSECRET\\Desktop\\Integra\\src\\app\\api\\finances"
2025-10-25T14:46:16.101126Z  INFO scan_sources: tailwindcss_oxide::scanner: Discovering "C:\\Users\\TOPSECRET\\Desktop\\Integra\\src\\app\\login"
2025-10-25T14:46:16.101298Z  INFO scan_sources: tailwindcss_oxide::scanner: Discovering "C:\\Users\\TOPSECRET\\Desktop\\Integra\\src\\components"
2025-10-25T14:46:16.101400Z  INFO scan_sources: tailwindcss_oxide::scanner: Discovering "C:\\Users\\TOPSECRET\\Desktop\\Integra\\src\\components\\common"
2025-10-25T14:46:16.101521Z  INFO scan_sources: tailwindcss_oxide::scanner: Discovering "C:\\Users\\TOPSECRET\\Desktop\\Integra\\src\\components\\common\\AppSidebar"
2025-10-25T14:46:16.101659Z  INFO scan_sources: tailwindcss_oxide::scanner: Discovering "C:\\Users\\TOPSECRET\\Desktop\\Integra\\src\\components\\common\\TableSkeleton"
2025-10-25T14:46:16.101811Z  INFO scan_sources: tailwindcss_oxide::scanner: Discovering "C:\\Users\\TOPSECRET\\Desktop\\Integra\\src\\components\\ui"
2025-10-25T14:46:16.102341Z  INFO scan_sources: tailwindcss_oxide::scanner: Discovering "C:\\Users\\TOPSECRET\\Desktop\\Integra\\src\\components\\ux"
2025-10-25T14:46:16.102450Z  INFO scan_sources: tailwindcss_oxide::scanner: Discovering "C:\\Users\\TOPSECRET\\Desktop\\Integra\\src\\components\\ux\\DashboardStats"
2025-10-25T14:46:16.102588Z  INFO scan_sources: tailwindcss_oxide::scanner: Discovering "C:\\Users\\TOPSECRET\\Desktop\\Integra\\src\\components\\ux\\login"
2025-10-25T14:46:16.102745Z  INFO scan_sources: tailwindcss_oxide::scanner: Discovering "C:\\Users\\TOPSECRET\\Desktop\\Integra\\src\\components\\ux\\register"
2025-10-25T14:46:16.102908Z  INFO scan_sources: tailwindcss_oxide::scanner: Discovering "C:\\Users\\TOPSECRET\\Desktop\\Integra\\src\\config"
2025-10-25T14:46:16.103127Z  INFO scan_sources: tailwindcss_oxide::scanner: Discovering "C:\\Users\\TOPSECRET\\Desktop\\Integra\\src\\hooks"
2025-10-25T14:46:16.103263Z  INFO scan_sources: tailwindcss_oxide::scanner: Discovering "C:\\Users\\TOPSECRET\\Desktop\\Integra\\src\\interfaces"
2025-10-25T14:46:16.103419Z  INFO scan_sources: tailwindcss_oxide::scanner: Discovering "C:\\Users\\TOPSECRET\\Desktop\\Integra\\src\\lib"
2025-10-25T14:46:16.103519Z  INFO scan_sources: tailwindcss_oxide::scanner: Discovering "C:\\Users\\TOPSECRET\\Desktop\\Integra\\src\\lib\\supabase"
2025-10-25T14:46:16.103706Z  INFO scan_sources: tailwindcss_oxide::scanner: Discovering "C:\\Users\\TOPSECRET\\Desktop\\Integra\\src\\providers"
2025-10-25T14:46:16.103877Z  INFO scan_sources: tailwindcss_oxide::scanner: Discovering "C:\\Users\\TOPSECRET\\Desktop\\Integra\\src\\types"
2025-10-25T14:46:16.104039Z  INFO scan_sources: tailwindcss_oxide::scanner: Discovering "C:\\Users\\TOPSECRET\\Desktop\\Integra\\src\\utils"
2025-10-25T14:46:16.104263Z  INFO scan_sources: tailwindcss_oxide::scanner: exit
2025-10-25T14:46:16.104271Z  INFO extract_candidates: tailwindcss_oxide::scanner: enter
2025-10-25T14:46:16.104275Z  INFO extract_candidates:read_all_files: tailwindcss_oxide::scanner: enter
2025-10-25T14:46:16.104278Z  INFO extract_candidates:read_all_files: tailwindcss_oxide::scanner: Reading 1 file(s)
2025-10-25T14:46:16.104343Z  INFO extract_candidates:read_all_files: tailwindcss_oxide::scanner: Reading "C:\\Users\\TOPSECRET\\Desktop\\Integra\\src\\app\\(secured)\\users\\page.tsx"
2025-10-25T14:46:16.104350Z  INFO extract_candidates:read_all_files: tailwindcss_oxide::scanner: exit
2025-10-25T14:46:16.104354Z  INFO extract_candidates:parse_all_blobs: tailwindcss_oxide::scanner: enter
2025-10-25T14:46:16.104358Z  INFO extract_candidates:parse_all_blobs:extract: tailwindcss_oxide::scanner: enter
2025-10-25T14:46:16.104609Z  INFO extract_candidates:parse_all_blobs:extract: tailwindcss_oxide::scanner: exit
2025-10-25T14:46:16.104636Z  INFO extract_candidates:parse_all_blobs: tailwindcss_oxide::scanner: exit
2025-10-25T14:46:16.104719Z  INFO extract_candidates: tailwindcss_oxide::scanner: exit
2025-10-25T14:46:16.105644Z  INFO get_files: tailwindcss_oxide::scanner: enter
2025-10-25T14:46:16.105671Z  INFO get_files:scan_sources: tailwindcss_oxide::scanner: enter
2025-10-25T14:46:16.107375Z  INFO get_files:scan_sources: tailwindcss_oxide::scanner: Discovering "C:\\Users\\TOPSECRET\\Desktop\\Integra\\.idea"
2025-10-25T14:46:16.107561Z  INFO get_files:scan_sources: tailwindcss_oxide::scanner: Discovering "C:\\Users\\TOPSECRET\\Desktop\\Integra\\.idea\\inspectionProfiles"
2025-10-25T14:46:16.107782Z  INFO get_files:scan_sources: tailwindcss_oxide::scanner: Discovering "C:\\Users\\TOPSECRET\\Desktop\\Integra\\.idea\\shelf"
2025-10-25T14:46:16.107907Z  INFO get_files:scan_sources: tailwindcss_oxide::scanner: Discovering "C:\\Users\\TOPSECRET\\Desktop\\Integra\\.idea\\shelf\\Uncommitted_changes_before_Update_at_20_10_2025_22_00_[Changes]"
2025-10-25T14:46:16.109038Z  INFO get_files:scan_sources: tailwindcss_oxide::scanner: Discovering "C:\\Users\\TOPSECRET\\Desktop\\Integra\\prisma"
2025-10-25T14:46:16.109160Z  INFO get_files:scan_sources: tailwindcss_oxide::scanner: Discovering "C:\\Users\\TOPSECRET\\Desktop\\Integra\\prisma\\migrations"
2025-10-25T14:46:16.109278Z  INFO get_files:scan_sources: tailwindcss_oxide::scanner: Discovering "C:\\Users\\TOPSECRET\\Desktop\\Integra\\prisma\\migrations\\20251019081833_prisma_db_push"
2025-10-25T14:46:16.109586Z  INFO get_files:scan_sources: tailwindcss_oxide::scanner: Discovering "C:\\Users\\TOPSECRET\\Desktop\\Integra\\public"
2025-10-25T14:46:16.109850Z  INFO get_files:scan_sources: tailwindcss_oxide::scanner: Discovering "C:\\Users\\TOPSECRET\\Desktop\\Integra\\src"
2025-10-25T14:46:16.109971Z  INFO get_files:scan_sources: tailwindcss_oxide::scanner: Discovering "C:\\Users\\TOPSECRET\\Desktop\\Integra\\src\\actions"
2025-10-25T14:46:16.110226Z  INFO get_files:scan_sources: tailwindcss_oxide::scanner: Discovering "C:\\Users\\TOPSECRET\\Desktop\\Integra\\src\\app"
2025-10-25T14:46:16.110362Z  INFO get_files:scan_sources: tailwindcss_oxide::scanner: Discovering "C:\\Users\\TOPSECRET\\Desktop\\Integra\\src\\app\\(secured)"
2025-10-25T14:46:16.110497Z  INFO get_files:scan_sources: tailwindcss_oxide::scanner: Discovering "C:\\Users\\TOPSECRET\\Desktop\\Integra\\src\\app\\(secured)\\clients"
2025-10-25T14:46:16.110652Z  INFO get_files:scan_sources: tailwindcss_oxide::scanner: Discovering "C:\\Users\\TOPSECRET\\Desktop\\Integra\\src\\app\\(secured)\\dashboard"
2025-10-25T14:46:16.110820Z  INFO get_files:scan_sources: tailwindcss_oxide::scanner: Discovering "C:\\Users\\TOPSECRET\\Desktop\\Integra\\src\\app\\(secured)\\structure"
2025-10-25T14:46:16.110961Z  INFO get_files:scan_sources: tailwindcss_oxide::scanner: Discovering "C:\\Users\\TOPSECRET\\Desktop\\Integra\\src\\app\\(secured)\\users"
2025-10-25T14:46:16.111122Z  INFO get_files:scan_sources: tailwindcss_oxide::scanner: Discovering "C:\\Users\\TOPSECRET\\Desktop\\Integra\\src\\app\\api"
2025-10-25T14:46:16.111234Z  INFO get_files:scan_sources: tailwindcss_oxide::scanner: Discovering "C:\\Users\\TOPSECRET\\Desktop\\Integra\\src\\app\\api\\auth"
2025-10-25T14:46:16.111345Z  INFO get_files:scan_sources: tailwindcss_oxide::scanner: Discovering "C:\\Users\\TOPSECRET\\Desktop\\Integra\\src\\app\\api\\auth\\[...nextauth]"
2025-10-25T14:46:16.111507Z  INFO get_files:scan_sources: tailwindcss_oxide::scanner: Discovering "C:\\Users\\TOPSECRET\\Desktop\\Integra\\src\\app\\api\\finances"
2025-10-25T14:46:16.111755Z  INFO get_files:scan_sources: tailwindcss_oxide::scanner: Discovering "C:\\Users\\TOPSECRET\\Desktop\\Integra\\src\\app\\login"
2025-10-25T14:46:16.111939Z  INFO get_files:scan_sources: tailwindcss_oxide::scanner: Discovering "C:\\Users\\TOPSECRET\\Desktop\\Integra\\src\\components"
2025-10-25T14:46:16.112098Z  INFO get_files:scan_sources: tailwindcss_oxide::scanner: Discovering "C:\\Users\\TOPSECRET\\Desktop\\Integra\\src\\components\\common"
2025-10-25T14:46:16.112208Z  INFO get_files:scan_sources: tailwindcss_oxide::scanner: Discovering "C:\\Users\\TOPSECRET\\Desktop\\Integra\\src\\components\\common\\AppSidebar"
2025-10-25T14:46:16.112355Z  INFO get_files:scan_sources: tailwindcss_oxide::scanner: Discovering "C:\\Users\\TOPSECRET\\Desktop\\Integra\\src\\components\\common\\TableSkeleton"
2025-10-25T14:46:16.112516Z  INFO get_files:scan_sources: tailwindcss_oxide::scanner: Discovering "C:\\Users\\TOPSECRET\\Desktop\\Integra\\src\\components\\ui"
2025-10-25T14:46:16.113068Z  INFO get_files:scan_sources: tailwindcss_oxide::scanner: Discovering "C:\\Users\\TOPSECRET\\Desktop\\Integra\\src\\components\\ux"
2025-10-25T14:46:16.113176Z  INFO get_files:scan_sources: tailwindcss_oxide::scanner: Discovering "C:\\Users\\TOPSECRET\\Desktop\\Integra\\src\\components\\ux\\DashboardStats"
2025-10-25T14:46:16.113321Z  INFO get_files:scan_sources: tailwindcss_oxide::scanner: Discovering "C:\\Users\\TOPSECRET\\Desktop\\Integra\\src\\components\\ux\\login"
2025-10-25T14:46:16.113499Z  INFO get_files:scan_sources: tailwindcss_oxide::scanner: Discovering "C:\\Users\\TOPSECRET\\Desktop\\Integra\\src\\components\\ux\\register"
2025-10-25T14:46:16.113679Z  INFO get_files:scan_sources: tailwindcss_oxide::scanner: Discovering "C:\\Users\\TOPSECRET\\Desktop\\Integra\\src\\config"
2025-10-25T14:46:16.113911Z  INFO get_files:scan_sources: tailwindcss_oxide::scanner: Discovering "C:\\Users\\TOPSECRET\\Desktop\\Integra\\src\\hooks"
2025-10-25T14:46:16.114068Z  INFO get_files:scan_sources: tailwindcss_oxide::scanner: Discovering "C:\\Users\\TOPSECRET\\Desktop\\Integra\\src\\interfaces"
2025-10-25T14:46:16.114255Z  INFO get_files:scan_sources: tailwindcss_oxide::scanner: Discovering "C:\\Users\\TOPSECRET\\Desktop\\Integra\\src\\lib"
2025-10-25T14:46:16.114362Z  INFO get_files:scan_sources: tailwindcss_oxide::scanner: Discovering "C:\\Users\\TOPSECRET\\Desktop\\Integra\\src\\lib\\supabase"
2025-10-25T14:46:16.114559Z  INFO get_files:scan_sources: tailwindcss_oxide::scanner: Discovering "C:\\Users\\TOPSECRET\\Desktop\\Integra\\src\\providers"
2025-10-25T14:46:16.114698Z  INFO get_files:scan_sources: tailwindcss_oxide::scanner: Discovering "C:\\Users\\TOPSECRET\\Desktop\\Integra\\src\\types"
2025-10-25T14:46:16.114832Z  INFO get_files:scan_sources: tailwindcss_oxide::scanner: Discovering "C:\\Users\\TOPSECRET\\Desktop\\Integra\\src\\utils"
2025-10-25T14:46:16.115051Z  INFO get_files:scan_sources: tailwindcss_oxide::scanner: exit
2025-10-25T14:46:16.115711Z  INFO get_files: tailwindcss_oxide::scanner: exit
2025-10-25T14:46:16.115954Z  INFO get_globs: tailwindcss_oxide::scanner: enter
2025-10-25T14:46:16.115970Z  INFO get_globs: tailwindcss_oxide::scanner: exit
2025-10-25T14:46:22.053601Z  INFO scan_sources: tailwindcss_oxide::scanner: enter
2025-10-25T14:46:22.055298Z  INFO scan_sources: tailwindcss_oxide::scanner: Discovering "C:\\Users\\TOPSECRET\\Desktop\\Integra\\.idea"
2025-10-25T14:46:22.055469Z  INFO scan_sources: tailwindcss_oxide::scanner: Discovering "C:\\Users\\TOPSECRET\\Desktop\\Integra\\.idea\\inspectionProfiles"
2025-10-25T14:46:22.055666Z  INFO scan_sources: tailwindcss_oxide::scanner: Discovering "C:\\Users\\TOPSECRET\\Desktop\\Integra\\.idea\\shelf"
2025-10-25T14:46:22.055781Z  INFO scan_sources: tailwindcss_oxide::scanner: Discovering "C:\\Users\\TOPSECRET\\Desktop\\Integra\\.idea\\shelf\\Uncommitted_changes_before_Update_at_20_10_2025_22_00_[Changes]"
2025-10-25T14:46:22.056382Z  INFO scan_sources: tailwindcss_oxide::scanner: Discovering "C:\\Users\\TOPSECRET\\Desktop\\Integra\\prisma"
2025-10-25T14:46:22.056490Z  INFO scan_sources: tailwindcss_oxide::scanner: Discovering "C:\\Users\\TOPSECRET\\Desktop\\Integra\\prisma\\migrations"
2025-10-25T14:46:22.056646Z  INFO scan_sources: tailwindcss_oxide::scanner: Discovering "C:\\Users\\TOPSECRET\\Desktop\\Integra\\prisma\\migrations\\20251019081833_prisma_db_push"
2025-10-25T14:46:22.056960Z  INFO scan_sources: tailwindcss_oxide::scanner: Discovering "C:\\Users\\TOPSECRET\\Desktop\\Integra\\public"
2025-10-25T14:46:22.057318Z  INFO scan_sources: tailwindcss_oxide::scanner: Discovering "C:\\Users\\TOPSECRET\\Desktop\\Integra\\src"
2025-10-25T14:46:22.057458Z  INFO scan_sources: tailwindcss_oxide::scanner: Discovering "C:\\Users\\TOPSECRET\\Desktop\\Integra\\src\\actions"
2025-10-25T14:46:22.057622Z  INFO scan_sources: tailwindcss_oxide::scanner: Discovering "C:\\Users\\TOPSECRET\\Desktop\\Integra\\src\\app"
2025-10-25T14:46:22.057763Z  INFO scan_sources: tailwindcss_oxide::scanner: Discovering "C:\\Users\\TOPSECRET\\Desktop\\Integra\\src\\app\\(secured)"
2025-10-25T14:46:22.057932Z  INFO scan_sources: tailwindcss_oxide::scanner: Discovering "C:\\Users\\TOPSECRET\\Desktop\\Integra\\src\\app\\(secured)\\clients"
2025-10-25T14:46:22.058150Z  INFO scan_sources: tailwindcss_oxide::scanner: Discovering "C:\\Users\\TOPSECRET\\Desktop\\Integra\\src\\app\\(secured)\\dashboard"
2025-10-25T14:46:22.058325Z  INFO scan_sources: tailwindcss_oxide::scanner: Discovering "C:\\Users\\TOPSECRET\\Desktop\\Integra\\src\\app\\(secured)\\structure"
2025-10-25T14:46:22.058462Z  INFO scan_sources: tailwindcss_oxide::scanner: Discovering "C:\\Users\\TOPSECRET\\Desktop\\Integra\\src\\app\\(secured)\\users"
2025-10-25T14:46:22.058541Z  INFO scan_sources: tailwindcss_oxide::scanner: Discovering "C:\\Users\\TOPSECRET\\Desktop\\Integra\\src\\app\\(secured)\\users\\page.tsx"
2025-10-25T14:46:22.058634Z  INFO scan_sources: tailwindcss_oxide::scanner: Discovering "C:\\Users\\TOPSECRET\\Desktop\\Integra\\src\\app\\api"
2025-10-25T14:46:22.058749Z  INFO scan_sources: tailwindcss_oxide::scanner: Discovering "C:\\Users\\TOPSECRET\\Desktop\\Integra\\src\\app\\api\\auth"
2025-10-25T14:46:22.058862Z  INFO scan_sources: tailwindcss_oxide::scanner: Discovering "C:\\Users\\TOPSECRET\\Desktop\\Integra\\src\\app\\api\\auth\\[...nextauth]"
2025-10-25T14:46:22.059018Z  INFO scan_sources: tailwindcss_oxide::scanner: Discovering "C:\\Users\\TOPSECRET\\Desktop\\Integra\\src\\app\\api\\finances"
2025-10-25T14:46:22.059236Z  INFO scan_sources: tailwindcss_oxide::scanner: Discovering "C:\\Users\\TOPSECRET\\Desktop\\Integra\\src\\app\\login"
2025-10-25T14:46:22.059408Z  INFO scan_sources: tailwindcss_oxide::scanner: Discovering "C:\\Users\\TOPSECRET\\Desktop\\Integra\\src\\components"
2025-10-25T14:46:22.059519Z  INFO scan_sources: tailwindcss_oxide::scanner: Discovering "C:\\Users\\TOPSECRET\\Desktop\\Integra\\src\\components\\common"
2025-10-25T14:46:22.059620Z  INFO scan_sources: tailwindcss_oxide::scanner: Discovering "C:\\Users\\TOPSECRET\\Desktop\\Integra\\src\\components\\common\\AppSidebar"
2025-10-25T14:46:22.059759Z  INFO scan_sources: tailwindcss_oxide::scanner: Discovering "C:\\Users\\TOPSECRET\\Desktop\\Integra\\src\\components\\common\\TableSkeleton"
2025-10-25T14:46:22.059913Z  INFO scan_sources: tailwindcss_oxide::scanner: Discovering "C:\\Users\\TOPSECRET\\Desktop\\Integra\\src\\components\\ui"
2025-10-25T14:46:22.060451Z  INFO scan_sources: tailwindcss_oxide::scanner: Discovering "C:\\Users\\TOPSECRET\\Desktop\\Integra\\src\\components\\ux"
2025-10-25T14:46:22.060558Z  INFO scan_sources: tailwindcss_oxide::scanner: Discovering "C:\\Users\\TOPSECRET\\Desktop\\Integra\\src\\components\\ux\\DashboardStats"
2025-10-25T14:46:22.060697Z  INFO scan_sources: tailwindcss_oxide::scanner: Discovering "C:\\Users\\TOPSECRET\\Desktop\\Integra\\src\\components\\ux\\login"
2025-10-25T14:46:22.060853Z  INFO scan_sources: tailwindcss_oxide::scanner: Discovering "C:\\Users\\TOPSECRET\\Desktop\\Integra\\src\\components\\ux\\register"
2025-10-25T14:46:22.061016Z  INFO scan_sources: tailwindcss_oxide::scanner: Discovering "C:\\Users\\TOPSECRET\\Desktop\\Integra\\src\\config"
2025-10-25T14:46:22.061234Z  INFO scan_sources: tailwindcss_oxide::scanner: Discovering "C:\\Users\\TOPSECRET\\Desktop\\Integra\\src\\hooks"
2025-10-25T14:46:22.061368Z  INFO scan_sources: tailwindcss_oxide::scanner: Discovering "C:\\Users\\TOPSECRET\\Desktop\\Integra\\src\\interfaces"
2025-10-25T14:46:22.061521Z  INFO scan_sources: tailwindcss_oxide::scanner: Discovering "C:\\Users\\TOPSECRET\\Desktop\\Integra\\src\\lib"
2025-10-25T14:46:22.061619Z  INFO scan_sources: tailwindcss_oxide::scanner: Discovering "C:\\Users\\TOPSECRET\\Desktop\\Integra\\src\\lib\\supabase"
2025-10-25T14:46:22.061801Z  INFO scan_sources: tailwindcss_oxide::scanner: Discovering "C:\\Users\\TOPSECRET\\Desktop\\Integra\\src\\providers"
2025-10-25T14:46:22.061936Z  INFO scan_sources: tailwindcss_oxide::scanner: Discovering "C:\\Users\\TOPSECRET\\Desktop\\Integra\\src\\types"
2025-10-25T14:46:22.062078Z  INFO scan_sources: tailwindcss_oxide::scanner: Discovering "C:\\Users\\TOPSECRET\\Desktop\\Integra\\src\\utils"
2025-10-25T14:46:22.062293Z  INFO scan_sources: tailwindcss_oxide::scanner: exit
2025-10-25T14:46:22.062301Z  INFO extract_candidates: tailwindcss_oxide::scanner: enter
2025-10-25T14:46:22.062306Z  INFO extract_candidates:read_all_files: tailwindcss_oxide::scanner: enter
2025-10-25T14:46:22.062309Z  INFO extract_candidates:read_all_files: tailwindcss_oxide::scanner: Reading 1 file(s)
2025-10-25T14:46:22.062377Z  INFO extract_candidates:read_all_files: tailwindcss_oxide::scanner: Reading "C:\\Users\\TOPSECRET\\Desktop\\Integra\\src\\app\\(secured)\\users\\page.tsx"
2025-10-25T14:46:22.062384Z  INFO extract_candidates:read_all_files: tailwindcss_oxide::scanner: exit
2025-10-25T14:46:22.062389Z  INFO extract_candidates:parse_all_blobs: tailwindcss_oxide::scanner: enter
2025-10-25T14:46:22.062392Z  INFO extract_candidates:parse_all_blobs:extract: tailwindcss_oxide::scanner: enter
2025-10-25T14:46:22.062597Z  INFO extract_candidates:parse_all_blobs:extract: tailwindcss_oxide::scanner: exit
2025-10-25T14:46:22.062630Z  INFO extract_candidates:parse_all_blobs: tailwindcss_oxide::scanner: exit
2025-10-25T14:46:22.062696Z  INFO extract_candidates: tailwindcss_oxide::scanner: exit
2025-10-25T14:46:22.063405Z  INFO get_files: tailwindcss_oxide::scanner: enter
2025-10-25T14:46:22.063418Z  INFO get_files:scan_sources: tailwindcss_oxide::scanner: enter
2025-10-25T14:46:22.064580Z  INFO get_files:scan_sources: tailwindcss_oxide::scanner: Discovering "C:\\Users\\TOPSECRET\\Desktop\\Integra\\.idea"
2025-10-25T14:46:22.064767Z  INFO get_files:scan_sources: tailwindcss_oxide::scanner: Discovering "C:\\Users\\TOPSECRET\\Desktop\\Integra\\.idea\\inspectionProfiles"
2025-10-25T14:46:22.064976Z  INFO get_files:scan_sources: tailwindcss_oxide::scanner: Discovering "C:\\Users\\TOPSECRET\\Desktop\\Integra\\.idea\\shelf"
2025-10-25T14:46:22.065091Z  INFO get_files:scan_sources: tailwindcss_oxide::scanner: Discovering "C:\\Users\\TOPSECRET\\Desktop\\Integra\\.idea\\shelf\\Uncommitted_changes_before_Update_at_20_10_2025_22_00_[Changes]"
2025-10-25T14:46:22.066164Z  INFO get_files:scan_sources: tailwindcss_oxide::scanner: Discovering "C:\\Users\\TOPSECRET\\Desktop\\Integra\\prisma"
2025-10-25T14:46:22.066271Z  INFO get_files:scan_sources: tailwindcss_oxide::scanner: Discovering "C:\\Users\\TOPSECRET\\Desktop\\Integra\\prisma\\migrations"
2025-10-25T14:46:22.066376Z  INFO get_files:scan_sources: tailwindcss_oxide::scanner: Discovering "C:\\Users\\TOPSECRET\\Desktop\\Integra\\prisma\\migrations\\20251019081833_prisma_db_push"
2025-10-25T14:46:22.066587Z  INFO get_files:scan_sources: tailwindcss_oxide::scanner: Discovering "C:\\Users\\TOPSECRET\\Desktop\\Integra\\public"
2025-10-25T14:46:22.066830Z  INFO get_files:scan_sources: tailwindcss_oxide::scanner: Discovering "C:\\Users\\TOPSECRET\\Desktop\\Integra\\src"
2025-10-25T14:46:22.066955Z  INFO get_files:scan_sources: tailwindcss_oxide::scanner: Discovering "C:\\Users\\TOPSECRET\\Desktop\\Integra\\src\\actions"
2025-10-25T14:46:22.067099Z  INFO get_files:scan_sources: tailwindcss_oxide::scanner: Discovering "C:\\Users\\TOPSECRET\\Desktop\\Integra\\src\\app"
2025-10-25T14:46:22.067306Z  INFO get_files:scan_sources: tailwindcss_oxide::scanner: Discovering "C:\\Users\\TOPSECRET\\Desktop\\Integra\\src\\app\\(secured)"
2025-10-25T14:46:22.067453Z  INFO get_files:scan_sources: tailwindcss_oxide::scanner: Discovering "C:\\Users\\TOPSECRET\\Desktop\\Integra\\src\\app\\(secured)\\clients"
2025-10-25T14:46:22.067773Z  INFO get_files:scan_sources: tailwindcss_oxide::scanner: Discovering "C:\\Users\\TOPSECRET\\Desktop\\Integra\\src\\app\\(secured)\\dashboard"
2025-10-25T14:46:22.068081Z  INFO get_files:scan_sources: tailwindcss_oxide::scanner: Discovering "C:\\Users\\TOPSECRET\\Desktop\\Integra\\src\\app\\(secured)\\structure"
2025-10-25T14:46:22.068238Z  INFO get_files:scan_sources: tailwindcss_oxide::scanner: Discovering "C:\\Users\\TOPSECRET\\Desktop\\Integra\\src\\app\\(secured)\\users"
2025-10-25T14:46:22.068397Z  INFO get_files:scan_sources: tailwindcss_oxide::scanner: Discovering "C:\\Users\\TOPSECRET\\Desktop\\Integra\\src\\app\\api"
2025-10-25T14:46:22.068507Z  INFO get_files:scan_sources: tailwindcss_oxide::scanner: Discovering "C:\\Users\\TOPSECRET\\Desktop\\Integra\\src\\app\\api\\auth"
2025-10-25T14:46:22.068616Z  INFO get_files:scan_sources: tailwindcss_oxide::scanner: Discovering "C:\\Users\\TOPSECRET\\Desktop\\Integra\\src\\app\\api\\auth\\[...nextauth]"
2025-10-25T14:46:22.068798Z  INFO get_files:scan_sources: tailwindcss_oxide::scanner: Discovering "C:\\Users\\TOPSECRET\\Desktop\\Integra\\src\\app\\api\\finances"
2025-10-25T14:46:22.069026Z  INFO get_files:scan_sources: tailwindcss_oxide::scanner: Discovering "C:\\Users\\TOPSECRET\\Desktop\\Integra\\src\\app\\login"
2025-10-25T14:46:22.069229Z  INFO get_files:scan_sources: tailwindcss_oxide::scanner: Discovering "C:\\Users\\TOPSECRET\\Desktop\\Integra\\src\\components"
2025-10-25T14:46:22.069343Z  INFO get_files:scan_sources: tailwindcss_oxide::scanner: Discovering "C:\\Users\\TOPSECRET\\Desktop\\Integra\\src\\components\\common"
2025-10-25T14:46:22.069452Z  INFO get_files:scan_sources: tailwindcss_oxide::scanner: Discovering "C:\\Users\\TOPSECRET\\Desktop\\Integra\\src\\components\\common\\AppSidebar"
2025-10-25T14:46:22.069600Z  INFO get_files:scan_sources: tailwindcss_oxide::scanner: Discovering "C:\\Users\\TOPSECRET\\Desktop\\Integra\\src\\components\\common\\TableSkeleton"
2025-10-25T14:46:22.069761Z  INFO get_files:scan_sources: tailwindcss_oxide::scanner: Discovering "C:\\Users\\TOPSECRET\\Desktop\\Integra\\src\\components\\ui"
2025-10-25T14:46:22.070288Z  INFO get_files:scan_sources: tailwindcss_oxide::scanner: Discovering "C:\\Users\\TOPSECRET\\Desktop\\Integra\\src\\components\\ux"
2025-10-25T14:46:22.070442Z  INFO get_files:scan_sources: tailwindcss_oxide::scanner: Discovering "C:\\Users\\TOPSECRET\\Desktop\\Integra\\src\\components\\ux\\DashboardStats"
2025-10-25T14:46:22.070580Z  INFO get_files:scan_sources: tailwindcss_oxide::scanner: Discovering "C:\\Users\\TOPSECRET\\Desktop\\Integra\\src\\components\\ux\\login"
2025-10-25T14:46:22.070737Z  INFO get_files:scan_sources: tailwindcss_oxide::scanner: Discovering "C:\\Users\\TOPSECRET\\Desktop\\Integra\\src\\components\\ux\\register"
2025-10-25T14:46:22.070908Z  INFO get_files:scan_sources: tailwindcss_oxide::scanner: Discovering "C:\\Users\\TOPSECRET\\Desktop\\Integra\\src\\config"
2025-10-25T14:46:22.071146Z  INFO get_files:scan_sources: tailwindcss_oxide::scanner: Discovering "C:\\Users\\TOPSECRET\\Desktop\\Integra\\src\\hooks"
2025-10-25T14:46:22.071332Z  INFO get_files:scan_sources: tailwindcss_oxide::scanner: Discovering "C:\\Users\\TOPSECRET\\Desktop\\Integra\\src\\interfaces"
2025-10-25T14:46:22.071515Z  INFO get_files:scan_sources: tailwindcss_oxide::scanner: Discovering "C:\\Users\\TOPSECRET\\Desktop\\Integra\\src\\lib"
2025-10-25T14:46:22.071622Z  INFO get_files:scan_sources: tailwindcss_oxide::scanner: Discovering "C:\\Users\\TOPSECRET\\Desktop\\Integra\\src\\lib\\supabase"
2025-10-25T14:46:22.071833Z  INFO get_files:scan_sources: tailwindcss_oxide::scanner: Discovering "C:\\Users\\TOPSECRET\\Desktop\\Integra\\src\\providers"
2025-10-25T14:46:22.071972Z  INFO get_files:scan_sources: tailwindcss_oxide::scanner: Discovering "C:\\Users\\TOPSECRET\\Desktop\\Integra\\src\\types"
2025-10-25T14:46:22.072107Z  INFO get_files:scan_sources: tailwindcss_oxide::scanner: Discovering "C:\\Users\\TOPSECRET\\Desktop\\Integra\\src\\utils"
2025-10-25T14:46:22.072844Z  INFO get_files:scan_sources: tailwindcss_oxide::scanner: exit
2025-10-25T14:46:22.073088Z  INFO get_files: tailwindcss_oxide::scanner: exit
2025-10-25T14:46:22.073432Z  INFO get_globs: tailwindcss_oxide::scanner: enter
2025-10-25T14:46:22.073464Z  INFO get_globs: tailwindcss_oxide::scanner: exit
2025-10-25T14:46:31.869042Z  INFO scan_sources: tailwindcss_oxide::scanner: enter
2025-10-25T14:46:31.870433Z  INFO scan_sources: tailwindcss_oxide::scanner: Discovering "C:\\Users\\TOPSECRET\\Desktop\\Integra\\.idea"
2025-10-25T14:46:31.870604Z  INFO scan_sources: tailwindcss_oxide::scanner: Discovering "C:\\Users\\TOPSECRET\\Desktop\\Integra\\.idea\\inspectionProfiles"
2025-10-25T14:46:31.870814Z  INFO scan_sources: tailwindcss_oxide::scanner: Discovering "C:\\Users\\TOPSECRET\\Desktop\\Integra\\.idea\\shelf"
2025-10-25T14:46:31.870931Z  INFO scan_sources: tailwindcss_oxide::scanner: Discovering "C:\\Users\\TOPSECRET\\Desktop\\Integra\\.idea\\shelf\\Uncommitted_changes_before_Update_at_20_10_2025_22_00_[Changes]"
2025-10-25T14:46:31.871641Z  INFO scan_sources: tailwindcss_oxide::scanner: Discovering "C:\\Users\\TOPSECRET\\Desktop\\Integra\\prisma"
2025-10-25T14:46:31.871852Z  INFO scan_sources: tailwindcss_oxide::scanner: Discovering "C:\\Users\\TOPSECRET\\Desktop\\Integra\\prisma\\migrations"
2025-10-25T14:46:31.872036Z  INFO scan_sources: tailwindcss_oxide::scanner: Discovering "C:\\Users\\TOPSECRET\\Desktop\\Integra\\prisma\\migrations\\20251019081833_prisma_db_push"
2025-10-25T14:46:31.872408Z  INFO scan_sources: tailwindcss_oxide::scanner: Discovering "C:\\Users\\TOPSECRET\\Desktop\\Integra\\public"
2025-10-25T14:46:31.872784Z  INFO scan_sources: tailwindcss_oxide::scanner: Discovering "C:\\Users\\TOPSECRET\\Desktop\\Integra\\src"
2025-10-25T14:46:31.872965Z  INFO scan_sources: tailwindcss_oxide::scanner: Discovering "C:\\Users\\TOPSECRET\\Desktop\\Integra\\src\\actions"
2025-10-25T14:46:31.873180Z  INFO scan_sources: tailwindcss_oxide::scanner: Discovering "C:\\Users\\TOPSECRET\\Desktop\\Integra\\src\\app"
2025-10-25T14:46:31.873341Z  INFO scan_sources: tailwindcss_oxide::scanner: Discovering "C:\\Users\\TOPSECRET\\Desktop\\Integra\\src\\app\\(secured)"
2025-10-25T14:46:31.873515Z  INFO scan_sources: tailwindcss_oxide::scanner: Discovering "C:\\Users\\TOPSECRET\\Desktop\\Integra\\src\\app\\(secured)\\clients"
2025-10-25T14:46:31.873711Z  INFO scan_sources: tailwindcss_oxide::scanner: Discovering "C:\\Users\\TOPSECRET\\Desktop\\Integra\\src\\app\\(secured)\\dashboard"
2025-10-25T14:46:31.873901Z  INFO scan_sources: tailwindcss_oxide::scanner: Discovering "C:\\Users\\TOPSECRET\\Desktop\\Integra\\src\\app\\(secured)\\structure"
2025-10-25T14:46:31.874062Z  INFO scan_sources: tailwindcss_oxide::scanner: Discovering "C:\\Users\\TOPSECRET\\Desktop\\Integra\\src\\app\\(secured)\\users"
2025-10-25T14:46:31.874189Z  INFO scan_sources: tailwindcss_oxide::scanner: Discovering "C:\\Users\\TOPSECRET\\Desktop\\Integra\\src\\app\\(secured)\\users\\page.tsx"
2025-10-25T14:46:31.874371Z  INFO scan_sources: tailwindcss_oxide::scanner: Discovering "C:\\Users\\TOPSECRET\\Desktop\\Integra\\src\\app\\api"
2025-10-25T14:46:31.874517Z  INFO scan_sources: tailwindcss_oxide::scanner: Discovering "C:\\Users\\TOPSECRET\\Desktop\\Integra\\src\\app\\api\\auth"
2025-10-25T14:46:31.874676Z  INFO scan_sources: tailwindcss_oxide::scanner: Discovering "C:\\Users\\TOPSECRET\\Desktop\\Integra\\src\\app\\api\\auth\\[...nextauth]"
2025-10-25T14:46:31.874927Z  INFO scan_sources: tailwindcss_oxide::scanner: Discovering "C:\\Users\\TOPSECRET\\Desktop\\Integra\\src\\app\\api\\finances"
2025-10-25T14:46:31.875268Z  INFO scan_sources: tailwindcss_oxide::scanner: Discovering "C:\\Users\\TOPSECRET\\Desktop\\Integra\\src\\app\\login"
2025-10-25T14:46:31.875527Z  INFO scan_sources: tailwindcss_oxide::scanner: Discovering "C:\\Users\\TOPSECRET\\Desktop\\Integra\\src\\components"
2025-10-25T14:46:31.875642Z  INFO scan_sources: tailwindcss_oxide::scanner: Discovering "C:\\Users\\TOPSECRET\\Desktop\\Integra\\src\\components\\common"
2025-10-25T14:46:31.875778Z  INFO scan_sources: tailwindcss_oxide::scanner: Discovering "C:\\Users\\TOPSECRET\\Desktop\\Integra\\src\\components\\common\\AppSidebar"
2025-10-25T14:46:31.875918Z  INFO scan_sources: tailwindcss_oxide::scanner: Discovering "C:\\Users\\TOPSECRET\\Desktop\\Integra\\src\\components\\common\\TableSkeleton"
2025-10-25T14:46:31.876071Z  INFO scan_sources: tailwindcss_oxide::scanner: Discovering "C:\\Users\\TOPSECRET\\Desktop\\Integra\\src\\components\\ui"
2025-10-25T14:46:31.876594Z  INFO scan_sources: tailwindcss_oxide::scanner: Discovering "C:\\Users\\TOPSECRET\\Desktop\\Integra\\src\\components\\ux"
2025-10-25T14:46:31.876700Z  INFO scan_sources: tailwindcss_oxide::scanner: Discovering "C:\\Users\\TOPSECRET\\Desktop\\Integra\\src\\components\\ux\\DashboardStats"
2025-10-25T14:46:31.876837Z  INFO scan_sources: tailwindcss_oxide::scanner: Discovering "C:\\Users\\TOPSECRET\\Desktop\\Integra\\src\\components\\ux\\login"
2025-10-25T14:46:31.876993Z  INFO scan_sources: tailwindcss_oxide::scanner: Discovering "C:\\Users\\TOPSECRET\\Desktop\\Integra\\src\\components\\ux\\register"
2025-10-25T14:46:31.877159Z  INFO scan_sources: tailwindcss_oxide::scanner: Discovering "C:\\Users\\TOPSECRET\\Desktop\\Integra\\src\\config"
2025-10-25T14:46:31.877388Z  INFO scan_sources: tailwindcss_oxide::scanner: Discovering "C:\\Users\\TOPSECRET\\Desktop\\Integra\\src\\hooks"
2025-10-25T14:46:31.877535Z  INFO scan_sources: tailwindcss_oxide::scanner: Discovering "C:\\Users\\TOPSECRET\\Desktop\\Integra\\src\\interfaces"
2025-10-25T14:46:31.877711Z  INFO scan_sources: tailwindcss_oxide::scanner: Discovering "C:\\Users\\TOPSECRET\\Desktop\\Integra\\src\\lib"
2025-10-25T14:46:31.877817Z  INFO scan_sources: tailwindcss_oxide::scanner: Discovering "C:\\Users\\TOPSECRET\\Desktop\\Integra\\src\\lib\\supabase"
2025-10-25T14:46:31.878028Z  INFO scan_sources: tailwindcss_oxide::scanner: Discovering "C:\\Users\\TOPSECRET\\Desktop\\Integra\\src\\providers"
2025-10-25T14:46:31.878236Z  INFO scan_sources: tailwindcss_oxide::scanner: Discovering "C:\\Users\\TOPSECRET\\Desktop\\Integra\\src\\types"
2025-10-25T14:46:31.878459Z  INFO scan_sources: tailwindcss_oxide::scanner: Discovering "C:\\Users\\TOPSECRET\\Desktop\\Integra\\src\\utils"
2025-10-25T14:46:31.878810Z  INFO scan_sources: tailwindcss_oxide::scanner: exit
2025-10-25T14:46:31.878825Z  INFO extract_candidates: tailwindcss_oxide::scanner: enter
2025-10-25T14:46:31.878831Z  INFO extract_candidates:read_all_files: tailwindcss_oxide::scanner: enter
2025-10-25T14:46:31.878836Z  INFO extract_candidates:read_all_files: tailwindcss_oxide::scanner: Reading 1 file(s)
2025-10-25T14:46:31.878943Z  INFO extract_candidates:read_all_files: tailwindcss_oxide::scanner: Reading "C:\\Users\\TOPSECRET\\Desktop\\Integra\\src\\app\\(secured)\\users\\page.tsx"
2025-10-25T14:46:31.878958Z  INFO extract_candidates:read_all_files: tailwindcss_oxide::scanner: exit
2025-10-25T14:46:31.878965Z  INFO extract_candidates:parse_all_blobs: tailwindcss_oxide::scanner: enter
2025-10-25T14:46:31.878971Z  INFO extract_candidates:parse_all_blobs:extract: tailwindcss_oxide::scanner: enter
2025-10-25T14:46:31.879171Z  INFO extract_candidates:parse_all_blobs:extract: tailwindcss_oxide::scanner: exit
2025-10-25T14:46:31.879204Z  INFO extract_candidates:parse_all_blobs: tailwindcss_oxide::scanner: exit
2025-10-25T14:46:31.879285Z  INFO extract_candidates: tailwindcss_oxide::scanner: exit
2025-10-25T14:46:31.880179Z  INFO get_files: tailwindcss_oxide::scanner: enter
2025-10-25T14:46:31.880200Z  INFO get_files:scan_sources: tailwindcss_oxide::scanner: enter
2025-10-25T14:46:31.882092Z  INFO get_files:scan_sources: tailwindcss_oxide::scanner: Discovering "C:\\Users\\TOPSECRET\\Desktop\\Integra\\.idea"
2025-10-25T14:46:31.882348Z  INFO get_files:scan_sources: tailwindcss_oxide::scanner: Discovering "C:\\Users\\TOPSECRET\\Desktop\\Integra\\.idea\\inspectionProfiles"
2025-10-25T14:46:31.882676Z  INFO get_files:scan_sources: tailwindcss_oxide::scanner: Discovering "C:\\Users\\TOPSECRET\\Desktop\\Integra\\.idea\\shelf"
2025-10-25T14:46:31.882918Z  INFO get_files:scan_sources: tailwindcss_oxide::scanner: Discovering "C:\\Users\\TOPSECRET\\Desktop\\Integra\\.idea\\shelf\\Uncommitted_changes_before_Update_at_20_10_2025_22_00_[Changes]"
2025-10-25T14:46:31.883934Z  INFO get_files:scan_sources: tailwindcss_oxide::scanner: Discovering "C:\\Users\\TOPSECRET\\Desktop\\Integra\\prisma"
2025-10-25T14:46:31.884121Z  INFO get_files:scan_sources: tailwindcss_oxide::scanner: Discovering "C:\\Users\\TOPSECRET\\Desktop\\Integra\\prisma\\migrations"
2025-10-25T14:46:31.884246Z  INFO get_files:scan_sources: tailwindcss_oxide::scanner: Discovering "C:\\Users\\TOPSECRET\\Desktop\\Integra\\prisma\\migrations\\20251019081833_prisma_db_push"
2025-10-25T14:46:31.884686Z  INFO get_files:scan_sources: tailwindcss_oxide::scanner: Discovering "C:\\Users\\TOPSECRET\\Desktop\\Integra\\public"
2025-10-25T14:46:31.885014Z  INFO get_files:scan_sources: tailwindcss_oxide::scanner: Discovering "C:\\Users\\TOPSECRET\\Desktop\\Integra\\src"
2025-10-25T14:46:31.885145Z  INFO get_files:scan_sources: tailwindcss_oxide::scanner: Discovering "C:\\Users\\TOPSECRET\\Desktop\\Integra\\src\\actions"
2025-10-25T14:46:31.885298Z  INFO get_files:scan_sources: tailwindcss_oxide::scanner: Discovering "C:\\Users\\TOPSECRET\\Desktop\\Integra\\src\\app"
2025-10-25T14:46:31.885415Z  INFO get_files:scan_sources: tailwindcss_oxide::scanner: Discovering "C:\\Users\\TOPSECRET\\Desktop\\Integra\\src\\app\\(secured)"
2025-10-25T14:46:31.885532Z  INFO get_files:scan_sources: tailwindcss_oxide::scanner: Discovering "C:\\Users\\TOPSECRET\\Desktop\\Integra\\src\\app\\(secured)\\clients"
2025-10-25T14:46:31.885697Z  INFO get_files:scan_sources: tailwindcss_oxide::scanner: Discovering "C:\\Users\\TOPSECRET\\Desktop\\Integra\\src\\app\\(secured)\\dashboard"
2025-10-25T14:46:31.885879Z  INFO get_files:scan_sources: tailwindcss_oxide::scanner: Discovering "C:\\Users\\TOPSECRET\\Desktop\\Integra\\src\\app\\(secured)\\structure"
2025-10-25T14:46:31.886026Z  INFO get_files:scan_sources: tailwindcss_oxide::scanner: Discovering "C:\\Users\\TOPSECRET\\Desktop\\Integra\\src\\app\\(secured)\\users"
2025-10-25T14:46:31.886185Z  INFO get_files:scan_sources: tailwindcss_oxide::scanner: Discovering "C:\\Users\\TOPSECRET\\Desktop\\Integra\\src\\app\\api"
2025-10-25T14:46:31.886308Z  INFO get_files:scan_sources: tailwindcss_oxide::scanner: Discovering "C:\\Users\\TOPSECRET\\Desktop\\Integra\\src\\app\\api\\auth"
2025-10-25T14:46:31.886428Z  INFO get_files:scan_sources: tailwindcss_oxide::scanner: Discovering "C:\\Users\\TOPSECRET\\Desktop\\Integra\\src\\app\\api\\auth\\[...nextauth]"
2025-10-25T14:46:31.886593Z  INFO get_files:scan_sources: tailwindcss_oxide::scanner: Discovering "C:\\Users\\TOPSECRET\\Desktop\\Integra\\src\\app\\api\\finances"
2025-10-25T14:46:31.886822Z  INFO get_files:scan_sources: tailwindcss_oxide::scanner: Discovering "C:\\Users\\TOPSECRET\\Desktop\\Integra\\src\\app\\login"
2025-10-25T14:46:31.887026Z  INFO get_files:scan_sources: tailwindcss_oxide::scanner: Discovering "C:\\Users\\TOPSECRET\\Desktop\\Integra\\src\\components"
2025-10-25T14:46:31.887135Z  INFO get_files:scan_sources: tailwindcss_oxide::scanner: Discovering "C:\\Users\\TOPSECRET\\Desktop\\Integra\\src\\components\\common"
2025-10-25T14:46:31.887252Z  INFO get_files:scan_sources: tailwindcss_oxide::scanner: Discovering "C:\\Users\\TOPSECRET\\Desktop\\Integra\\src\\components\\common\\AppSidebar"
2025-10-25T14:46:31.887398Z  INFO get_files:scan_sources: tailwindcss_oxide::scanner: Discovering "C:\\Users\\TOPSECRET\\Desktop\\Integra\\src\\components\\common\\TableSkeleton"
2025-10-25T14:46:31.887556Z  INFO get_files:scan_sources: tailwindcss_oxide::scanner: Discovering "C:\\Users\\TOPSECRET\\Desktop\\Integra\\src\\components\\ui"
2025-10-25T14:46:31.888129Z  INFO get_files:scan_sources: tailwindcss_oxide::scanner: Discovering "C:\\Users\\TOPSECRET\\Desktop\\Integra\\src\\components\\ux"
2025-10-25T14:46:31.888442Z  INFO get_files:scan_sources: tailwindcss_oxide::scanner: Discovering "C:\\Users\\TOPSECRET\\Desktop\\Integra\\src\\components\\ux\\DashboardStats"
2025-10-25T14:46:31.888688Z  INFO get_files:scan_sources: tailwindcss_oxide::scanner: Discovering "C:\\Users\\TOPSECRET\\Desktop\\Integra\\src\\components\\ux\\login"
2025-10-25T14:46:31.888868Z  INFO get_files:scan_sources: tailwindcss_oxide::scanner: Discovering "C:\\Users\\TOPSECRET\\Desktop\\Integra\\src\\components\\ux\\register"
2025-10-25T14:46:31.889052Z  INFO get_files:scan_sources: tailwindcss_oxide::scanner: Discovering "C:\\Users\\TOPSECRET\\Desktop\\Integra\\src\\config"
2025-10-25T14:46:31.889298Z  INFO get_files:scan_sources: tailwindcss_oxide::scanner: Discovering "C:\\Users\\TOPSECRET\\Desktop\\Integra\\src\\hooks"
2025-10-25T14:46:31.889446Z  INFO get_files:scan_sources: tailwindcss_oxide::scanner: Discovering "C:\\Users\\TOPSECRET\\Desktop\\Integra\\src\\interfaces"
2025-10-25T14:46:31.889618Z  INFO get_files:scan_sources: tailwindcss_oxide::scanner: Discovering "C:\\Users\\TOPSECRET\\Desktop\\Integra\\src\\lib"
2025-10-25T14:46:31.889736Z  INFO get_files:scan_sources: tailwindcss_oxide::scanner: Discovering "C:\\Users\\TOPSECRET\\Desktop\\Integra\\src\\lib\\supabase"
2025-10-25T14:46:31.889944Z  INFO get_files:scan_sources: tailwindcss_oxide::scanner: Discovering "C:\\Users\\TOPSECRET\\Desktop\\Integra\\src\\providers"
2025-10-25T14:46:31.890130Z  INFO get_files:scan_sources: tailwindcss_oxide::scanner: Discovering "C:\\Users\\TOPSECRET\\Desktop\\Integra\\src\\types"
2025-10-25T14:46:31.890284Z  INFO get_files:scan_sources: tailwindcss_oxide::scanner: Discovering "C:\\Users\\TOPSECRET\\Desktop\\Integra\\src\\utils"
2025-10-25T14:46:31.890559Z  INFO get_files:scan_sources: tailwindcss_oxide::scanner: exit
2025-10-25T14:46:31.890808Z  INFO get_files: tailwindcss_oxide::scanner: exit
2025-10-25T14:46:31.891223Z  INFO get_globs: tailwindcss_oxide::scanner: enter
2025-10-25T14:46:31.891250Z  INFO get_globs: tailwindcss_oxide::scanner: exit
