2025-10-25T14:27:51.273058Z  INFO tailwindcss_oxide::scanner: Provided sources:
2025-10-25T14:27:51.273469Z  INFO tailwindcss_oxide::scanner: Source: PublicSourceEntry { base: "C:\\Users\\TOPSECRET\\Desktop\\Integra", pattern: "**/*", negated: false }
2025-10-25T14:27:51.273971Z  INFO tailwindcss_oxide::scanner: Optimized sources:
2025-10-25T14:27:51.274018Z  INFO tailwindcss_oxide::scanner: Source: Auto { base: "C:\\Users\\TOPSECRET\\Desktop\\Integra" }
2025-10-25T14:27:51.277575Z  INFO scan_sources: tailwindcss_oxide::scanner: enter
2025-10-25T14:27:51.282164Z  INFO scan_sources: tailwindcss_oxide::scanner: Discovering "C:\\Users\\TOPSECRET\\Desktop\\Integra\\.idea"
2025-10-25T14:27:51.294884Z  INFO scan_sources: tailwindcss_oxide::scanner: Discovering "C:\\Users\\TOPSECRET\\Desktop\\Integra\\.idea\\deployment.xml"
2025-10-25T14:27:51.295707Z  INFO scan_sources: tailwindcss_oxide::scanner: Discovering "C:\\Users\\TOPSECRET\\Desktop\\Integra\\.idea\\inspectionProfiles"
2025-10-25T14:27:51.296437Z  INFO scan_sources: tailwindcss_oxide::scanner: Discovering "C:\\Users\\TOPSECRET\\Desktop\\Integra\\.idea\\inspectionProfiles\\Project_Default.xml"
2025-10-25T14:27:51.296783Z  INFO scan_sources: tailwindcss_oxide::scanner: Discovering "C:\\Users\\TOPSECRET\\Desktop\\Integra\\.idea\\modules.xml"
2025-10-25T14:27:51.297162Z  INFO scan_sources: tailwindcss_oxide::scanner: Discovering "C:\\Users\\TOPSECRET\\Desktop\\Integra\\.idea\\php.xml"
2025-10-25T14:27:51.297573Z  INFO scan_sources: tailwindcss_oxide::scanner: Discovering "C:\\Users\\TOPSECRET\\Desktop\\Integra\\.idea\\shelf"
2025-10-25T14:27:51.298293Z  INFO scan_sources: tailwindcss_oxide::scanner: Discovering "C:\\Users\\TOPSECRET\\Desktop\\Integra\\.idea\\shelf\\Uncommitted_changes_before_Update_at_20_10_2025_22_00_[Changes]"
2025-10-25T14:27:51.298718Z  INFO scan_sources: tailwindcss_oxide::scanner: Discovering "C:\\Users\\TOPSECRET\\Desktop\\Integra\\.idea\\shelf\\Uncommitted_changes_before_Update_at_20_10_2025_22_00_[Changes]\\shelved.patch"
2025-10-25T14:27:51.298970Z  INFO scan_sources: tailwindcss_oxide::scanner: Discovering "C:\\Users\\TOPSECRET\\Desktop\\Integra\\.idea\\shelf\\Uncommitted_changes_before_Update_at_20_10_2025_22_00__Changes_.xml"
2025-10-25T14:27:51.299204Z  INFO scan_sources: tailwindcss_oxide::scanner: Discovering "C:\\Users\\TOPSECRET\\Desktop\\Integra\\.idea\\sisya.iml"
2025-10-25T14:27:51.299369Z  INFO scan_sources: tailwindcss_oxide::scanner: Discovering "C:\\Users\\TOPSECRET\\Desktop\\Integra\\.idea\\vcs.xml"
2025-10-25T14:27:51.299521Z  INFO scan_sources: tailwindcss_oxide::scanner: Discovering "C:\\Users\\TOPSECRET\\Desktop\\Integra\\.idea\\workspace.xml"
2025-10-25T14:27:51.300166Z  INFO scan_sources: tailwindcss_oxide::scanner: Discovering "C:\\Users\\TOPSECRET\\Desktop\\Integra\\components.json"
2025-10-25T14:27:51.300330Z  INFO scan_sources: tailwindcss_oxide::scanner: Discovering "C:\\Users\\TOPSECRET\\Desktop\\Integra\\eslint.config.mjs"
2025-10-25T14:27:51.300504Z  INFO scan_sources: tailwindcss_oxide::scanner: Discovering "C:\\Users\\TOPSECRET\\Desktop\\Integra\\next.config.ts"
2025-10-25T14:27:51.301039Z  INFO scan_sources: tailwindcss_oxide::scanner: Discovering "C:\\Users\\TOPSECRET\\Desktop\\Integra\\package.json"
2025-10-25T14:27:51.301193Z  INFO scan_sources: tailwindcss_oxide::scanner: Discovering "C:\\Users\\TOPSECRET\\Desktop\\Integra\\postcss.config.mjs"
2025-10-25T14:27:51.301441Z  INFO scan_sources: tailwindcss_oxide::scanner: Discovering "C:\\Users\\TOPSECRET\\Desktop\\Integra\\prisma"
2025-10-25T14:27:51.301837Z  INFO scan_sources: tailwindcss_oxide::scanner: Discovering "C:\\Users\\TOPSECRET\\Desktop\\Integra\\prisma\\migrations"
2025-10-25T14:27:51.302278Z  INFO scan_sources: tailwindcss_oxide::scanner: Discovering "C:\\Users\\TOPSECRET\\Desktop\\Integra\\prisma\\migrations\\20251019081833_prisma_db_push"
2025-10-25T14:27:51.302607Z  INFO scan_sources: tailwindcss_oxide::scanner: Discovering "C:\\Users\\TOPSECRET\\Desktop\\Integra\\prisma\\migrations\\20251019081833_prisma_db_push\\migration.sql"
2025-10-25T14:27:51.302815Z  INFO scan_sources: tailwindcss_oxide::scanner: Discovering "C:\\Users\\TOPSECRET\\Desktop\\Integra\\prisma\\migrations\\migration_lock.toml"
2025-10-25T14:27:51.303148Z  INFO scan_sources: tailwindcss_oxide::scanner: Discovering "C:\\Users\\TOPSECRET\\Desktop\\Integra\\prisma\\schema.prisma"
2025-10-25T14:27:51.303482Z  INFO scan_sources: tailwindcss_oxide::scanner: Discovering "C:\\Users\\TOPSECRET\\Desktop\\Integra\\public"
2025-10-25T14:27:51.303797Z  INFO scan_sources: tailwindcss_oxide::scanner: Discovering "C:\\Users\\TOPSECRET\\Desktop\\Integra\\public\\file.svg"
2025-10-25T14:27:51.303947Z  INFO scan_sources: tailwindcss_oxide::scanner: Discovering "C:\\Users\\TOPSECRET\\Desktop\\Integra\\public\\globe.svg"
2025-10-25T14:27:51.304144Z  INFO scan_sources: tailwindcss_oxide::scanner: Discovering "C:\\Users\\TOPSECRET\\Desktop\\Integra\\public\\next.svg"
2025-10-25T14:27:51.304306Z  INFO scan_sources: tailwindcss_oxide::scanner: Discovering "C:\\Users\\TOPSECRET\\Desktop\\Integra\\public\\vercel.svg"
2025-10-25T14:27:51.304449Z  INFO scan_sources: tailwindcss_oxide::scanner: Discovering "C:\\Users\\TOPSECRET\\Desktop\\Integra\\public\\window.svg"
2025-10-25T14:27:51.304651Z  INFO scan_sources: tailwindcss_oxide::scanner: Discovering "C:\\Users\\TOPSECRET\\Desktop\\Integra\\README.md"
2025-10-25T14:27:51.304898Z  INFO scan_sources: tailwindcss_oxide::scanner: Discovering "C:\\Users\\TOPSECRET\\Desktop\\Integra\\src"
2025-10-25T14:27:51.305326Z  INFO scan_sources: tailwindcss_oxide::scanner: Discovering "C:\\Users\\TOPSECRET\\Desktop\\Integra\\src\\actions"
2025-10-25T14:27:51.305629Z  INFO scan_sources: tailwindcss_oxide::scanner: Discovering "C:\\Users\\TOPSECRET\\Desktop\\Integra\\src\\actions\\getUsers.ts"
2025-10-25T14:27:51.305932Z  INFO scan_sources: tailwindcss_oxide::scanner: Discovering "C:\\Users\\TOPSECRET\\Desktop\\Integra\\src\\app"
2025-10-25T14:27:51.306380Z  INFO scan_sources: tailwindcss_oxide::scanner: Discovering "C:\\Users\\TOPSECRET\\Desktop\\Integra\\src\\app\\(secured)"
2025-10-25T14:27:51.306797Z  INFO scan_sources: tailwindcss_oxide::scanner: Discovering "C:\\Users\\TOPSECRET\\Desktop\\Integra\\src\\app\\(secured)\\clients"
2025-10-25T14:27:51.307115Z  INFO scan_sources: tailwindcss_oxide::scanner: Discovering "C:\\Users\\TOPSECRET\\Desktop\\Integra\\src\\app\\(secured)\\clients\\page.tsx"
2025-10-25T14:27:51.307417Z  INFO scan_sources: tailwindcss_oxide::scanner: Discovering "C:\\Users\\TOPSECRET\\Desktop\\Integra\\src\\app\\(secured)\\dashboard"
2025-10-25T14:27:51.307723Z  INFO scan_sources: tailwindcss_oxide::scanner: Discovering "C:\\Users\\TOPSECRET\\Desktop\\Integra\\src\\app\\(secured)\\dashboard\\page.tsx"
2025-10-25T14:27:51.307926Z  INFO scan_sources: tailwindcss_oxide::scanner: Discovering "C:\\Users\\TOPSECRET\\Desktop\\Integra\\src\\app\\(secured)\\layout.tsx"
2025-10-25T14:27:51.308199Z  INFO scan_sources: tailwindcss_oxide::scanner: Discovering "C:\\Users\\TOPSECRET\\Desktop\\Integra\\src\\app\\(secured)\\structure"
2025-10-25T14:27:51.308507Z  INFO scan_sources: tailwindcss_oxide::scanner: Discovering "C:\\Users\\TOPSECRET\\Desktop\\Integra\\src\\app\\(secured)\\structure\\page.tsx"
2025-10-25T14:27:51.308802Z  INFO scan_sources: tailwindcss_oxide::scanner: Discovering "C:\\Users\\TOPSECRET\\Desktop\\Integra\\src\\app\\(secured)\\users"
2025-10-25T14:27:51.309117Z  INFO scan_sources: tailwindcss_oxide::scanner: Discovering "C:\\Users\\TOPSECRET\\Desktop\\Integra\\src\\app\\(secured)\\users\\page.tsx"
2025-10-25T14:27:51.309466Z  INFO scan_sources: tailwindcss_oxide::scanner: Discovering "C:\\Users\\TOPSECRET\\Desktop\\Integra\\src\\app\\api"
2025-10-25T14:27:51.309913Z  INFO scan_sources: tailwindcss_oxide::scanner: Discovering "C:\\Users\\TOPSECRET\\Desktop\\Integra\\src\\app\\api\\auth"
2025-10-25T14:27:51.310356Z  INFO scan_sources: tailwindcss_oxide::scanner: Discovering "C:\\Users\\TOPSECRET\\Desktop\\Integra\\src\\app\\api\\auth\\[...nextauth]"
2025-10-25T14:27:51.311325Z  INFO scan_sources: tailwindcss_oxide::scanner: Discovering "C:\\Users\\TOPSECRET\\Desktop\\Integra\\src\\app\\api\\auth\\[...nextauth]\\route.ts"
2025-10-25T14:27:51.311869Z  INFO scan_sources: tailwindcss_oxide::scanner: Discovering "C:\\Users\\TOPSECRET\\Desktop\\Integra\\src\\app\\api\\finances"
2025-10-25T14:27:51.313366Z  INFO scan_sources: tailwindcss_oxide::scanner: Discovering "C:\\Users\\TOPSECRET\\Desktop\\Integra\\src\\app\\api\\finances\\route.ts"
2025-10-25T14:27:51.314035Z  INFO scan_sources: tailwindcss_oxide::scanner: Discovering "C:\\Users\\TOPSECRET\\Desktop\\Integra\\src\\app\\globals.css"
2025-10-25T14:27:51.314226Z  INFO scan_sources: tailwindcss_oxide::scanner: Discovering "C:\\Users\\TOPSECRET\\Desktop\\Integra\\src\\app\\layout.tsx"
2025-10-25T14:27:51.314385Z  INFO scan_sources: tailwindcss_oxide::scanner: Discovering "C:\\Users\\TOPSECRET\\Desktop\\Integra\\src\\app\\loading.tsx"
2025-10-25T14:27:51.314691Z  INFO scan_sources: tailwindcss_oxide::scanner: Discovering "C:\\Users\\TOPSECRET\\Desktop\\Integra\\src\\app\\login"
2025-10-25T14:27:51.315097Z  INFO scan_sources: tailwindcss_oxide::scanner: Discovering "C:\\Users\\TOPSECRET\\Desktop\\Integra\\src\\app\\login\\actions.ts"
2025-10-25T14:27:51.315389Z  INFO scan_sources: tailwindcss_oxide::scanner: Discovering "C:\\Users\\TOPSECRET\\Desktop\\Integra\\src\\app\\page.tsx"
2025-10-25T14:27:51.315881Z  INFO scan_sources: tailwindcss_oxide::scanner: Discovering "C:\\Users\\TOPSECRET\\Desktop\\Integra\\src\\components"
2025-10-25T14:27:51.316386Z  INFO scan_sources: tailwindcss_oxide::scanner: Discovering "C:\\Users\\TOPSECRET\\Desktop\\Integra\\src\\components\\common"
2025-10-25T14:27:51.316824Z  INFO scan_sources: tailwindcss_oxide::scanner: Discovering "C:\\Users\\TOPSECRET\\Desktop\\Integra\\src\\components\\common\\AppSidebar"
2025-10-25T14:27:51.317169Z  INFO scan_sources: tailwindcss_oxide::scanner: Discovering "C:\\Users\\TOPSECRET\\Desktop\\Integra\\src\\components\\common\\AppSidebar\\AppSidebar.tsx"
2025-10-25T14:27:51.317480Z  INFO scan_sources: tailwindcss_oxide::scanner: Discovering "C:\\Users\\TOPSECRET\\Desktop\\Integra\\src\\components\\common\\TableSkeleton"
2025-10-25T14:27:51.317856Z  INFO scan_sources: tailwindcss_oxide::scanner: Discovering "C:\\Users\\TOPSECRET\\Desktop\\Integra\\src\\components\\common\\TableSkeleton\\TableSkeleton.tsx"
2025-10-25T14:27:51.318206Z  INFO scan_sources: tailwindcss_oxide::scanner: Discovering "C:\\Users\\TOPSECRET\\Desktop\\Integra\\src\\components\\ui"
2025-10-25T14:27:51.318553Z  INFO scan_sources: tailwindcss_oxide::scanner: Discovering "C:\\Users\\TOPSECRET\\Desktop\\Integra\\src\\components\\ui\\button.tsx"
2025-10-25T14:27:51.318704Z  INFO scan_sources: tailwindcss_oxide::scanner: Discovering "C:\\Users\\TOPSECRET\\Desktop\\Integra\\src\\components\\ui\\card.tsx"
2025-10-25T14:27:51.318886Z  INFO scan_sources: tailwindcss_oxide::scanner: Discovering "C:\\Users\\TOPSECRET\\Desktop\\Integra\\src\\components\\ui\\collapsible.tsx"
2025-10-25T14:27:51.319041Z  INFO scan_sources: tailwindcss_oxide::scanner: Discovering "C:\\Users\\TOPSECRET\\Desktop\\Integra\\src\\components\\ui\\dropdown-menu.tsx"
2025-10-25T14:27:51.319185Z  INFO scan_sources: tailwindcss_oxide::scanner: Discovering "C:\\Users\\TOPSECRET\\Desktop\\Integra\\src\\components\\ui\\field.tsx"
2025-10-25T14:27:51.319331Z  INFO scan_sources: tailwindcss_oxide::scanner: Discovering "C:\\Users\\TOPSECRET\\Desktop\\Integra\\src\\components\\ui\\input-group.tsx"
2025-10-25T14:27:51.319474Z  INFO scan_sources: tailwindcss_oxide::scanner: Discovering "C:\\Users\\TOPSECRET\\Desktop\\Integra\\src\\components\\ui\\input.tsx"
2025-10-25T14:27:51.319614Z  INFO scan_sources: tailwindcss_oxide::scanner: Discovering "C:\\Users\\TOPSECRET\\Desktop\\Integra\\src\\components\\ui\\label.tsx"
2025-10-25T14:27:51.319755Z  INFO scan_sources: tailwindcss_oxide::scanner: Discovering "C:\\Users\\TOPSECRET\\Desktop\\Integra\\src\\components\\ui\\progress.tsx"
2025-10-25T14:27:51.319895Z  INFO scan_sources: tailwindcss_oxide::scanner: Discovering "C:\\Users\\TOPSECRET\\Desktop\\Integra\\src\\components\\ui\\select.tsx"
2025-10-25T14:27:51.320038Z  INFO scan_sources: tailwindcss_oxide::scanner: Discovering "C:\\Users\\TOPSECRET\\Desktop\\Integra\\src\\components\\ui\\separator.tsx"
2025-10-25T14:27:51.320198Z  INFO scan_sources: tailwindcss_oxide::scanner: Discovering "C:\\Users\\TOPSECRET\\Desktop\\Integra\\src\\components\\ui\\sheet.tsx"
2025-10-25T14:27:51.320351Z  INFO scan_sources: tailwindcss_oxide::scanner: Discovering "C:\\Users\\TOPSECRET\\Desktop\\Integra\\src\\components\\ui\\sidebar.tsx"
2025-10-25T14:27:51.320492Z  INFO scan_sources: tailwindcss_oxide::scanner: Discovering "C:\\Users\\TOPSECRET\\Desktop\\Integra\\src\\components\\ui\\skeleton.tsx"
2025-10-25T14:27:51.320631Z  INFO scan_sources: tailwindcss_oxide::scanner: Discovering "C:\\Users\\TOPSECRET\\Desktop\\Integra\\src\\components\\ui\\sonner.tsx"
2025-10-25T14:27:51.320775Z  INFO scan_sources: tailwindcss_oxide::scanner: Discovering "C:\\Users\\TOPSECRET\\Desktop\\Integra\\src\\components\\ui\\table.tsx"
2025-10-25T14:27:51.320943Z  INFO scan_sources: tailwindcss_oxide::scanner: Discovering "C:\\Users\\TOPSECRET\\Desktop\\Integra\\src\\components\\ui\\tabs.tsx"
2025-10-25T14:27:51.321087Z  INFO scan_sources: tailwindcss_oxide::scanner: Discovering "C:\\Users\\TOPSECRET\\Desktop\\Integra\\src\\components\\ui\\textarea.tsx"
2025-10-25T14:27:51.321252Z  INFO scan_sources: tailwindcss_oxide::scanner: Discovering "C:\\Users\\TOPSECRET\\Desktop\\Integra\\src\\components\\ui\\tooltip.tsx"
2025-10-25T14:27:51.321400Z  INFO scan_sources: tailwindcss_oxide::scanner: Discovering "C:\\Users\\TOPSECRET\\Desktop\\Integra\\src\\components\\ui\\typography.tsx"
2025-10-25T14:27:51.321704Z  INFO scan_sources: tailwindcss_oxide::scanner: Discovering "C:\\Users\\TOPSECRET\\Desktop\\Integra\\src\\components\\ux"
2025-10-25T14:27:51.322106Z  INFO scan_sources: tailwindcss_oxide::scanner: Discovering "C:\\Users\\TOPSECRET\\Desktop\\Integra\\src\\components\\ux\\DashboardStats"
2025-10-25T14:27:51.322514Z  INFO scan_sources: tailwindcss_oxide::scanner: Discovering "C:\\Users\\TOPSECRET\\Desktop\\Integra\\src\\components\\ux\\DashboardStats\\main-stats.tsx"
2025-10-25T14:27:51.322839Z  INFO scan_sources: tailwindcss_oxide::scanner: Discovering "C:\\Users\\TOPSECRET\\Desktop\\Integra\\src\\components\\ux\\login"
2025-10-25T14:27:51.323151Z  INFO scan_sources: tailwindcss_oxide::scanner: Discovering "C:\\Users\\TOPSECRET\\Desktop\\Integra\\src\\components\\ux\\login\\login-form.tsx"
2025-10-25T14:27:51.323306Z  INFO scan_sources: tailwindcss_oxide::scanner: Discovering "C:\\Users\\TOPSECRET\\Desktop\\Integra\\src\\components\\ux\\login\\users.json"
2025-10-25T14:27:51.323599Z  INFO scan_sources: tailwindcss_oxide::scanner: Discovering "C:\\Users\\TOPSECRET\\Desktop\\Integra\\src\\components\\ux\\register"
2025-10-25T14:27:51.323904Z  INFO scan_sources: tailwindcss_oxide::scanner: Discovering "C:\\Users\\TOPSECRET\\Desktop\\Integra\\src\\components\\ux\\register\\register-form.tsx"
2025-10-25T14:27:51.324303Z  INFO scan_sources: tailwindcss_oxide::scanner: Discovering "C:\\Users\\TOPSECRET\\Desktop\\Integra\\src\\config"
2025-10-25T14:27:51.324609Z  INFO scan_sources: tailwindcss_oxide::scanner: Discovering "C:\\Users\\TOPSECRET\\Desktop\\Integra\\src\\config\\siteConfig.ts"
2025-10-25T14:27:51.325251Z  INFO scan_sources: tailwindcss_oxide::scanner: Discovering "C:\\Users\\TOPSECRET\\Desktop\\Integra\\src\\hooks"
2025-10-25T14:27:51.325551Z  INFO scan_sources: tailwindcss_oxide::scanner: Discovering "C:\\Users\\TOPSECRET\\Desktop\\Integra\\src\\hooks\\use-mobile.ts"
2025-10-25T14:27:51.325846Z  INFO scan_sources: tailwindcss_oxide::scanner: Discovering "C:\\Users\\TOPSECRET\\Desktop\\Integra\\src\\interfaces"
2025-10-25T14:27:51.326145Z  INFO scan_sources: tailwindcss_oxide::scanner: Discovering "C:\\Users\\TOPSECRET\\Desktop\\Integra\\src\\interfaces\\updateNextAuth.ts"
2025-10-25T14:27:51.326298Z  INFO scan_sources: tailwindcss_oxide::scanner: Discovering "C:\\Users\\TOPSECRET\\Desktop\\Integra\\src\\interfaces\\user-interfaces.ts"
2025-10-25T14:27:51.326600Z  INFO scan_sources: tailwindcss_oxide::scanner: Discovering "C:\\Users\\TOPSECRET\\Desktop\\Integra\\src\\lib"
2025-10-25T14:27:51.327798Z  INFO scan_sources: tailwindcss_oxide::scanner: Discovering "C:\\Users\\TOPSECRET\\Desktop\\Integra\\src\\lib\\supabase"
2025-10-25T14:27:51.328589Z  INFO scan_sources: tailwindcss_oxide::scanner: Discovering "C:\\Users\\TOPSECRET\\Desktop\\Integra\\src\\lib\\supabase\\client.ts"
2025-10-25T14:27:51.329047Z  INFO scan_sources: tailwindcss_oxide::scanner: Discovering "C:\\Users\\TOPSECRET\\Desktop\\Integra\\src\\lib\\supabase\\server.ts"
2025-10-25T14:27:51.329366Z  INFO scan_sources: tailwindcss_oxide::scanner: Discovering "C:\\Users\\TOPSECRET\\Desktop\\Integra\\src\\lib\\utils.ts"
2025-10-25T14:27:51.329897Z  INFO scan_sources: tailwindcss_oxide::scanner: Discovering "C:\\Users\\TOPSECRET\\Desktop\\Integra\\src\\providers"
2025-10-25T14:27:51.330265Z  INFO scan_sources: tailwindcss_oxide::scanner: Discovering "C:\\Users\\TOPSECRET\\Desktop\\Integra\\src\\providers\\QueryProvider.tsx"
2025-10-25T14:27:51.330587Z  INFO scan_sources: tailwindcss_oxide::scanner: Discovering "C:\\Users\\TOPSECRET\\Desktop\\Integra\\src\\types"
2025-10-25T14:27:51.330902Z  INFO scan_sources: tailwindcss_oxide::scanner: Discovering "C:\\Users\\TOPSECRET\\Desktop\\Integra\\src\\types\\form-data.ts"
2025-10-25T14:27:51.331251Z  INFO scan_sources: tailwindcss_oxide::scanner: Discovering "C:\\Users\\TOPSECRET\\Desktop\\Integra\\src\\utils"
2025-10-25T14:27:51.331565Z  INFO scan_sources: tailwindcss_oxide::scanner: Discovering "C:\\Users\\TOPSECRET\\Desktop\\Integra\\src\\utils\\prisma.ts"
2025-10-25T14:27:51.331712Z  INFO scan_sources: tailwindcss_oxide::scanner: Discovering "C:\\Users\\TOPSECRET\\Desktop\\Integra\\src\\utils\\user.ts"
2025-10-25T14:27:51.332002Z  INFO scan_sources: tailwindcss_oxide::scanner: Discovering "C:\\Users\\TOPSECRET\\Desktop\\Integra\\tsconfig.json"
2025-10-25T14:27:51.332277Z  INFO scan_sources: tailwindcss_oxide::scanner: exit
2025-10-25T14:27:51.332305Z  INFO extract_candidates: tailwindcss_oxide::scanner: enter
2025-10-25T14:27:51.332334Z  INFO extract_candidates:read_all_files: tailwindcss_oxide::scanner: enter
2025-10-25T14:27:51.332347Z  INFO extract_candidates:read_all_files: tailwindcss_oxide::scanner: Reading 73 file(s)
2025-10-25T14:27:51.333699Z  INFO tailwindcss_oxide::scanner: Reading "C:\\Users\\TOPSECRET\\Desktop\\Integra\\src\\components\\common\\TableSkeleton\\TableSkeleton.tsx"
2025-10-25T14:27:51.333725Z  INFO tailwindcss_oxide::scanner: Reading "C:\\Users\\TOPSECRET\\Desktop\\Integra\\.idea\\deployment.xml"
2025-10-25T14:27:51.333967Z  INFO tailwindcss_oxide::scanner: Reading "C:\\Users\\TOPSECRET\\Desktop\\Integra\\src\\components\\ui\\button.tsx"
2025-10-25T14:27:51.333976Z  INFO tailwindcss_oxide::scanner: Reading "C:\\Users\\TOPSECRET\\Desktop\\Integra\\.idea\\inspectionProfiles\\Project_Default.xml"
2025-10-25T14:27:51.333964Z  INFO tailwindcss_oxide::scanner: Reading "C:\\Users\\TOPSECRET\\Desktop\\Integra\\src\\app\\(secured)\\structure\\page.tsx"
2025-10-25T14:27:51.334144Z  INFO tailwindcss_oxide::scanner: Reading "C:\\Users\\TOPSECRET\\Desktop\\Integra\\src\\components\\ui\\card.tsx"
2025-10-25T14:27:51.334170Z  INFO tailwindcss_oxide::scanner: Reading "C:\\Users\\TOPSECRET\\Desktop\\Integra\\.idea\\modules.xml"
2025-10-25T14:27:51.334209Z  INFO tailwindcss_oxide::scanner: Reading "C:\\Users\\TOPSECRET\\Desktop\\Integra\\src\\app\\(secured)\\users\\page.tsx"
2025-10-25T14:27:51.334299Z  INFO tailwindcss_oxide::scanner: Reading "C:\\Users\\TOPSECRET\\Desktop\\Integra\\src\\components\\ui\\collapsible.tsx"
2025-10-25T14:27:51.334336Z  INFO tailwindcss_oxide::scanner: Reading "C:\\Users\\TOPSECRET\\Desktop\\Integra\\.idea\\php.xml"
2025-10-25T14:27:51.334395Z  INFO tailwindcss_oxide::scanner: Reading "C:\\Users\\TOPSECRET\\Desktop\\Integra\\src\\app\\api\\auth\\[...nextauth]\\route.ts"
2025-10-25T14:27:51.334452Z  INFO tailwindcss_oxide::scanner: Reading "C:\\Users\\TOPSECRET\\Desktop\\Integra\\src\\components\\ui\\dropdown-menu.tsx"
2025-10-25T14:27:51.334557Z  INFO tailwindcss_oxide::scanner: Reading "C:\\Users\\TOPSECRET\\Desktop\\Integra\\src\\app\\api\\finances\\route.ts"
2025-10-25T14:27:51.334580Z  INFO tailwindcss_oxide::scanner: Reading "C:\\Users\\TOPSECRET\\Desktop\\Integra\\.idea\\shelf\\Uncommitted_changes_before_Update_at_20_10_2025_22_00_[Changes]\\shelved.patch"
2025-10-25T14:27:51.334607Z  INFO tailwindcss_oxide::scanner: Reading "C:\\Users\\TOPSECRET\\Desktop\\Integra\\src\\components\\ui\\field.tsx"
2025-10-25T14:27:51.334725Z  INFO tailwindcss_oxide::scanner: Reading "C:\\Users\\TOPSECRET\\Desktop\\Integra\\src\\app\\layout.tsx"
2025-10-25T14:27:51.334758Z  INFO tailwindcss_oxide::scanner: Reading "C:\\Users\\TOPSECRET\\Desktop\\Integra\\src\\components\\ui\\input-group.tsx"
2025-10-25T14:27:51.334765Z  INFO tailwindcss_oxide::scanner: Reading "C:\\Users\\TOPSECRET\\Desktop\\Integra\\.idea\\shelf\\Uncommitted_changes_before_Update_at_20_10_2025_22_00__Changes_.xml"
2025-10-25T14:27:51.334874Z  INFO tailwindcss_oxide::scanner: Reading "C:\\Users\\TOPSECRET\\Desktop\\Integra\\src\\app\\loading.tsx"
2025-10-25T14:27:51.334901Z  INFO tailwindcss_oxide::scanner: Reading "C:\\Users\\TOPSECRET\\Desktop\\Integra\\src\\components\\ui\\input.tsx"
2025-10-25T14:27:51.334938Z  INFO tailwindcss_oxide::scanner: Reading "C:\\Users\\TOPSECRET\\Desktop\\Integra\\.idea\\sisya.iml"
2025-10-25T14:27:51.335024Z  INFO tailwindcss_oxide::scanner: Reading "C:\\Users\\TOPSECRET\\Desktop\\Integra\\src\\app\\login\\actions.ts"
2025-10-25T14:27:51.335066Z  INFO tailwindcss_oxide::scanner: Reading "C:\\Users\\TOPSECRET\\Desktop\\Integra\\src\\components\\ui\\label.tsx"
2025-10-25T14:27:51.335139Z  INFO tailwindcss_oxide::scanner: Reading "C:\\Users\\TOPSECRET\\Desktop\\Integra\\.idea\\vcs.xml"
2025-10-25T14:27:51.335195Z  INFO tailwindcss_oxide::scanner: Reading "C:\\Users\\TOPSECRET\\Desktop\\Integra\\src\\app\\page.tsx"
2025-10-25T14:27:51.335216Z  INFO tailwindcss_oxide::scanner: Reading "C:\\Users\\TOPSECRET\\Desktop\\Integra\\src\\components\\ui\\progress.tsx"
2025-10-25T14:27:51.335307Z  INFO tailwindcss_oxide::scanner: Reading "C:\\Users\\TOPSECRET\\Desktop\\Integra\\.idea\\workspace.xml"
2025-10-25T14:27:51.335364Z  INFO tailwindcss_oxide::scanner: Reading "C:\\Users\\TOPSECRET\\Desktop\\Integra\\src\\components\\common\\AppSidebar\\AppSidebar.tsx"
2025-10-25T14:27:51.335381Z  INFO tailwindcss_oxide::scanner: Reading "C:\\Users\\TOPSECRET\\Desktop\\Integra\\src\\components\\ui\\select.tsx"
2025-10-25T14:27:51.335476Z  INFO tailwindcss_oxide::scanner: Reading "C:\\Users\\TOPSECRET\\Desktop\\Integra\\components.json"
2025-10-25T14:27:51.335536Z  INFO tailwindcss_oxide::scanner: Reading "C:\\Users\\TOPSECRET\\Desktop\\Integra\\postcss.config.mjs"
2025-10-25T14:27:51.335545Z  INFO tailwindcss_oxide::scanner: Reading "C:\\Users\\TOPSECRET\\Desktop\\Integra\\src\\components\\ui\\separator.tsx"
2025-10-25T14:27:51.335652Z  INFO tailwindcss_oxide::scanner: Reading "C:\\Users\\TOPSECRET\\Desktop\\Integra\\eslint.config.mjs"
2025-10-25T14:27:51.335706Z  INFO tailwindcss_oxide::scanner: Reading "C:\\Users\\TOPSECRET\\Desktop\\Integra\\prisma\\migrations\\20251019081833_prisma_db_push\\migration.sql"
2025-10-25T14:27:51.335710Z  INFO tailwindcss_oxide::scanner: Reading "C:\\Users\\TOPSECRET\\Desktop\\Integra\\src\\components\\ui\\sheet.tsx"
2025-10-25T14:27:51.335796Z  INFO tailwindcss_oxide::scanner: Reading "C:\\Users\\TOPSECRET\\Desktop\\Integra\\next.config.ts"
2025-10-25T14:27:51.335869Z  INFO tailwindcss_oxide::scanner: Reading "C:\\Users\\TOPSECRET\\Desktop\\Integra\\prisma\\migrations\\migration_lock.toml"
2025-10-25T14:27:51.335896Z  INFO tailwindcss_oxide::scanner: Reading "C:\\Users\\TOPSECRET\\Desktop\\Integra\\src\\components\\ui\\sidebar.tsx"
2025-10-25T14:27:51.335946Z  INFO tailwindcss_oxide::scanner: Reading "C:\\Users\\TOPSECRET\\Desktop\\Integra\\package.json"
2025-10-25T14:27:51.336035Z  INFO tailwindcss_oxide::scanner: Reading "C:\\Users\\TOPSECRET\\Desktop\\Integra\\prisma\\schema.prisma"
2025-10-25T14:27:51.336055Z  INFO tailwindcss_oxide::scanner: Reading "C:\\Users\\TOPSECRET\\Desktop\\Integra\\src\\components\\ui\\skeleton.tsx"
2025-10-25T14:27:51.336127Z  INFO tailwindcss_oxide::scanner: Reading "C:\\Users\\TOPSECRET\\Desktop\\Integra\\README.md"
2025-10-25T14:27:51.336184Z  INFO tailwindcss_oxide::scanner: Reading "C:\\Users\\TOPSECRET\\Desktop\\Integra\\public\\file.svg"
2025-10-25T14:27:51.336214Z  INFO tailwindcss_oxide::scanner: Reading "C:\\Users\\TOPSECRET\\Desktop\\Integra\\src\\components\\ui\\sonner.tsx"
2025-10-25T14:27:51.336323Z  INFO tailwindcss_oxide::scanner: Reading "C:\\Users\\TOPSECRET\\Desktop\\Integra\\src\\actions\\getUsers.ts"
2025-10-25T14:27:51.336344Z  INFO tailwindcss_oxide::scanner: Reading "C:\\Users\\TOPSECRET\\Desktop\\Integra\\public\\vercel.svg"
2025-10-25T14:27:51.336362Z  INFO tailwindcss_oxide::scanner: Reading "C:\\Users\\TOPSECRET\\Desktop\\Integra\\src\\components\\ui\\table.tsx"
2025-10-25T14:27:51.336467Z  INFO tailwindcss_oxide::scanner: Reading "C:\\Users\\TOPSECRET\\Desktop\\Integra\\src\\app\\(secured)\\clients\\page.tsx"
2025-10-25T14:27:51.336500Z  INFO tailwindcss_oxide::scanner: Reading "C:\\Users\\TOPSECRET\\Desktop\\Integra\\public\\window.svg"
2025-10-25T14:27:51.336513Z  INFO tailwindcss_oxide::scanner: Reading "C:\\Users\\TOPSECRET\\Desktop\\Integra\\src\\components\\ui\\tabs.tsx"
2025-10-25T14:27:51.336611Z  INFO tailwindcss_oxide::scanner: Reading "C:\\Users\\TOPSECRET\\Desktop\\Integra\\src\\app\\(secured)\\dashboard\\page.tsx"
2025-10-25T14:27:51.336662Z  INFO tailwindcss_oxide::scanner: Reading "C:\\Users\\TOPSECRET\\Desktop\\Integra\\src\\components\\ui\\textarea.tsx"
2025-10-25T14:27:51.336667Z  INFO tailwindcss_oxide::scanner: Reading "C:\\Users\\TOPSECRET\\Desktop\\Integra\\public\\next.svg"
2025-10-25T14:27:51.336755Z  INFO tailwindcss_oxide::scanner: Reading "C:\\Users\\TOPSECRET\\Desktop\\Integra\\src\\app\\(secured)\\layout.tsx"
2025-10-25T14:27:51.336794Z  INFO tailwindcss_oxide::scanner: Reading "C:\\Users\\TOPSECRET\\Desktop\\Integra\\src\\interfaces\\updateNextAuth.ts"
2025-10-25T14:27:51.336808Z  INFO tailwindcss_oxide::scanner: Reading "C:\\Users\\TOPSECRET\\Desktop\\Integra\\src\\components\\ui\\tooltip.tsx"
2025-10-25T14:27:51.336907Z  INFO tailwindcss_oxide::scanner: Reading "C:\\Users\\TOPSECRET\\Desktop\\Integra\\src\\components\\ux\\login\\login-form.tsx"
2025-10-25T14:27:51.336937Z  INFO tailwindcss_oxide::scanner: Reading "C:\\Users\\TOPSECRET\\Desktop\\Integra\\src\\interfaces\\user-interfaces.ts"
2025-10-25T14:27:51.336953Z  INFO tailwindcss_oxide::scanner: Reading "C:\\Users\\TOPSECRET\\Desktop\\Integra\\src\\components\\ui\\typography.tsx"
2025-10-25T14:27:51.337082Z  INFO tailwindcss_oxide::scanner: Reading "C:\\Users\\TOPSECRET\\Desktop\\Integra\\src\\lib\\supabase\\client.ts"
2025-10-25T14:27:51.337092Z  INFO tailwindcss_oxide::scanner: Reading "C:\\Users\\TOPSECRET\\Desktop\\Integra\\public\\globe.svg"
2025-10-25T14:27:51.337275Z  INFO tailwindcss_oxide::scanner: Reading "C:\\Users\\TOPSECRET\\Desktop\\Integra\\src\\components\\ux\\register\\register-form.tsx"
2025-10-25T14:27:51.337354Z  INFO tailwindcss_oxide::scanner: Reading "C:\\Users\\TOPSECRET\\Desktop\\Integra\\src\\components\\ux\\login\\users.json"
2025-10-25T14:27:51.337452Z  INFO tailwindcss_oxide::scanner: Reading "C:\\Users\\TOPSECRET\\Desktop\\Integra\\src\\config\\siteConfig.ts"
2025-10-25T14:27:51.337505Z  INFO tailwindcss_oxide::scanner: Reading "C:\\Users\\TOPSECRET\\Desktop\\Integra\\src\\components\\ux\\DashboardStats\\main-stats.tsx"
2025-10-25T14:27:51.337569Z  INFO tailwindcss_oxide::scanner: Reading "C:\\Users\\TOPSECRET\\Desktop\\Integra\\src\\providers\\QueryProvider.tsx"
2025-10-25T14:27:51.337613Z  INFO tailwindcss_oxide::scanner: Reading "C:\\Users\\TOPSECRET\\Desktop\\Integra\\src\\hooks\\use-mobile.ts"
2025-10-25T14:27:51.337623Z  INFO tailwindcss_oxide::scanner: Reading "C:\\Users\\TOPSECRET\\Desktop\\Integra\\src\\utils\\prisma.ts"
2025-10-25T14:27:51.337757Z  INFO tailwindcss_oxide::scanner: Reading "C:\\Users\\TOPSECRET\\Desktop\\Integra\\src\\types\\form-data.ts"
2025-10-25T14:27:51.337812Z  INFO tailwindcss_oxide::scanner: Reading "C:\\Users\\TOPSECRET\\Desktop\\Integra\\src\\utils\\user.ts"
2025-10-25T14:27:51.337862Z  INFO tailwindcss_oxide::scanner: Reading "C:\\Users\\TOPSECRET\\Desktop\\Integra\\src\\lib\\utils.ts"
2025-10-25T14:27:51.337870Z  INFO tailwindcss_oxide::scanner: Reading "C:\\Users\\TOPSECRET\\Desktop\\Integra\\tsconfig.json"
2025-10-25T14:27:51.337894Z  INFO tailwindcss_oxide::scanner: Reading "C:\\Users\\TOPSECRET\\Desktop\\Integra\\src\\lib\\supabase\\server.ts"
2025-10-25T14:27:51.338323Z  INFO extract_candidates:read_all_files: tailwindcss_oxide::scanner: exit
2025-10-25T14:27:51.338373Z  INFO extract_candidates:parse_all_blobs: tailwindcss_oxide::scanner: enter
2025-10-25T14:27:51.338391Z  INFO extract_candidates:parse_all_blobs:extract: tailwindcss_oxide::scanner: enter
2025-10-25T14:27:51.342578Z  INFO extract_candidates:parse_all_blobs:extract: tailwindcss_oxide::scanner: exit
2025-10-25T14:27:51.342648Z  INFO extract_candidates:parse_all_blobs: tailwindcss_oxide::scanner: exit
2025-10-25T14:27:51.342668Z  INFO extract_candidates:read_all_files: tailwindcss_oxide::scanner: enter
2025-10-25T14:27:51.342681Z  INFO extract_candidates:read_all_files: tailwindcss_oxide::scanner: Reading 1 file(s)
2025-10-25T14:27:51.342943Z  INFO extract_candidates:read_all_files: tailwindcss_oxide::scanner: Reading "C:\\Users\\TOPSECRET\\Desktop\\Integra\\src\\app\\globals.css"
2025-10-25T14:27:51.342973Z  INFO extract_candidates:read_all_files: tailwindcss_oxide::scanner: exit
2025-10-25T14:27:51.342993Z  INFO extract_candidates:extract_css_variables: tailwindcss_oxide::scanner: enter
2025-10-25T14:27:51.343007Z  INFO extract_candidates:extract_css_variables:extract: tailwindcss_oxide::scanner: enter
2025-10-25T14:27:51.343324Z  INFO extract_candidates:extract_css_variables:extract: tailwindcss_oxide::scanner: exit
2025-10-25T14:27:51.343347Z  INFO extract_candidates:extract_css_variables: tailwindcss_oxide::scanner: exit
2025-10-25T14:27:51.344765Z  INFO extract_candidates: tailwindcss_oxide::scanner: exit
2025-10-25T14:27:51.346521Z  INFO get_files: tailwindcss_oxide::scanner: enter
2025-10-25T14:27:51.346557Z  INFO get_files:scan_sources: tailwindcss_oxide::scanner: enter
2025-10-25T14:27:51.350209Z  INFO get_files:scan_sources: tailwindcss_oxide::scanner: Discovering "C:\\Users\\TOPSECRET\\Desktop\\Integra\\.idea"
2025-10-25T14:27:51.350788Z  INFO get_files:scan_sources: tailwindcss_oxide::scanner: Discovering "C:\\Users\\TOPSECRET\\Desktop\\Integra\\.idea\\inspectionProfiles"
2025-10-25T14:27:51.351584Z  INFO get_files:scan_sources: tailwindcss_oxide::scanner: Discovering "C:\\Users\\TOPSECRET\\Desktop\\Integra\\.idea\\shelf"
2025-10-25T14:27:51.352013Z  INFO get_files:scan_sources: tailwindcss_oxide::scanner: Discovering "C:\\Users\\TOPSECRET\\Desktop\\Integra\\.idea\\shelf\\Uncommitted_changes_before_Update_at_20_10_2025_22_00_[Changes]"
2025-10-25T14:27:51.354267Z  INFO get_files:scan_sources: tailwindcss_oxide::scanner: Discovering "C:\\Users\\TOPSECRET\\Desktop\\Integra\\prisma"
2025-10-25T14:27:51.354683Z  INFO get_files:scan_sources: tailwindcss_oxide::scanner: Discovering "C:\\Users\\TOPSECRET\\Desktop\\Integra\\prisma\\migrations"
2025-10-25T14:27:51.355086Z  INFO get_files:scan_sources: tailwindcss_oxide::scanner: Discovering "C:\\Users\\TOPSECRET\\Desktop\\Integra\\prisma\\migrations\\20251019081833_prisma_db_push"
2025-10-25T14:27:51.355923Z  INFO get_files:scan_sources: tailwindcss_oxide::scanner: Discovering "C:\\Users\\TOPSECRET\\Desktop\\Integra\\public"
2025-10-25T14:27:51.356863Z  INFO get_files:scan_sources: tailwindcss_oxide::scanner: Discovering "C:\\Users\\TOPSECRET\\Desktop\\Integra\\src"
2025-10-25T14:27:51.357309Z  INFO get_files:scan_sources: tailwindcss_oxide::scanner: Discovering "C:\\Users\\TOPSECRET\\Desktop\\Integra\\src\\actions"
2025-10-25T14:27:51.357845Z  INFO get_files:scan_sources: tailwindcss_oxide::scanner: Discovering "C:\\Users\\TOPSECRET\\Desktop\\Integra\\src\\app"
2025-10-25T14:27:51.358261Z  INFO get_files:scan_sources: tailwindcss_oxide::scanner: Discovering "C:\\Users\\TOPSECRET\\Desktop\\Integra\\src\\app\\(secured)"
2025-10-25T14:27:51.358895Z  INFO get_files:scan_sources: tailwindcss_oxide::scanner: Discovering "C:\\Users\\TOPSECRET\\Desktop\\Integra\\src\\app\\(secured)\\clients"
2025-10-25T14:27:51.359482Z  INFO get_files:scan_sources: tailwindcss_oxide::scanner: Discovering "C:\\Users\\TOPSECRET\\Desktop\\Integra\\src\\app\\(secured)\\dashboard"
2025-10-25T14:27:51.360091Z  INFO get_files:scan_sources: tailwindcss_oxide::scanner: Discovering "C:\\Users\\TOPSECRET\\Desktop\\Integra\\src\\app\\(secured)\\structure"
2025-10-25T14:27:51.361819Z  INFO get_files:scan_sources: tailwindcss_oxide::scanner: Discovering "C:\\Users\\TOPSECRET\\Desktop\\Integra\\src\\app\\(secured)\\users"
2025-10-25T14:27:51.362788Z  INFO get_files:scan_sources: tailwindcss_oxide::scanner: Discovering "C:\\Users\\TOPSECRET\\Desktop\\Integra\\src\\app\\api"
2025-10-25T14:27:51.363266Z  INFO get_files:scan_sources: tailwindcss_oxide::scanner: Discovering "C:\\Users\\TOPSECRET\\Desktop\\Integra\\src\\app\\api\\auth"
2025-10-25T14:27:51.364239Z  INFO get_files:scan_sources: tailwindcss_oxide::scanner: Discovering "C:\\Users\\TOPSECRET\\Desktop\\Integra\\src\\app\\api\\auth\\[...nextauth]"
2025-10-25T14:27:51.364921Z  INFO get_files:scan_sources: tailwindcss_oxide::scanner: Discovering "C:\\Users\\TOPSECRET\\Desktop\\Integra\\src\\app\\api\\finances"
2025-10-25T14:27:51.365809Z  INFO get_files:scan_sources: tailwindcss_oxide::scanner: Discovering "C:\\Users\\TOPSECRET\\Desktop\\Integra\\src\\app\\login"
2025-10-25T14:27:51.366487Z  INFO get_files:scan_sources: tailwindcss_oxide::scanner: Discovering "C:\\Users\\TOPSECRET\\Desktop\\Integra\\src\\components"
2025-10-25T14:27:51.366883Z  INFO get_files:scan_sources: tailwindcss_oxide::scanner: Discovering "C:\\Users\\TOPSECRET\\Desktop\\Integra\\src\\components\\common"
2025-10-25T14:27:51.367328Z  INFO get_files:scan_sources: tailwindcss_oxide::scanner: Discovering "C:\\Users\\TOPSECRET\\Desktop\\Integra\\src\\components\\common\\AppSidebar"
2025-10-25T14:27:51.367884Z  INFO get_files:scan_sources: tailwindcss_oxide::scanner: Discovering "C:\\Users\\TOPSECRET\\Desktop\\Integra\\src\\components\\common\\TableSkeleton"
2025-10-25T14:27:51.368461Z  INFO get_files:scan_sources: tailwindcss_oxide::scanner: Discovering "C:\\Users\\TOPSECRET\\Desktop\\Integra\\src\\components\\ui"
2025-10-25T14:27:51.370386Z  INFO get_files:scan_sources: tailwindcss_oxide::scanner: Discovering "C:\\Users\\TOPSECRET\\Desktop\\Integra\\src\\components\\ux"
2025-10-25T14:27:51.370783Z  INFO get_files:scan_sources: tailwindcss_oxide::scanner: Discovering "C:\\Users\\TOPSECRET\\Desktop\\Integra\\src\\components\\ux\\DashboardStats"
2025-10-25T14:27:51.371316Z  INFO get_files:scan_sources: tailwindcss_oxide::scanner: Discovering "C:\\Users\\TOPSECRET\\Desktop\\Integra\\src\\components\\ux\\login"
2025-10-25T14:27:51.371939Z  INFO get_files:scan_sources: tailwindcss_oxide::scanner: Discovering "C:\\Users\\TOPSECRET\\Desktop\\Integra\\src\\components\\ux\\register"
2025-10-25T14:27:51.372549Z  INFO get_files:scan_sources: tailwindcss_oxide::scanner: Discovering "C:\\Users\\TOPSECRET\\Desktop\\Integra\\src\\config"
2025-10-25T14:27:51.373368Z  INFO get_files:scan_sources: tailwindcss_oxide::scanner: Discovering "C:\\Users\\TOPSECRET\\Desktop\\Integra\\src\\hooks"
2025-10-25T14:27:51.373910Z  INFO get_files:scan_sources: tailwindcss_oxide::scanner: Discovering "C:\\Users\\TOPSECRET\\Desktop\\Integra\\src\\interfaces"
2025-10-25T14:27:51.374504Z  INFO get_files:scan_sources: tailwindcss_oxide::scanner: Discovering "C:\\Users\\TOPSECRET\\Desktop\\Integra\\src\\lib"
2025-10-25T14:27:51.374898Z  INFO get_files:scan_sources: tailwindcss_oxide::scanner: Discovering "C:\\Users\\TOPSECRET\\Desktop\\Integra\\src\\lib\\supabase"
2025-10-25T14:27:51.376355Z  INFO get_files:scan_sources: tailwindcss_oxide::scanner: Discovering "C:\\Users\\TOPSECRET\\Desktop\\Integra\\src\\providers"
2025-10-25T14:27:51.377148Z  INFO get_files:scan_sources: tailwindcss_oxide::scanner: Discovering "C:\\Users\\TOPSECRET\\Desktop\\Integra\\src\\types"
2025-10-25T14:27:51.377953Z  INFO get_files:scan_sources: tailwindcss_oxide::scanner: Discovering "C:\\Users\\TOPSECRET\\Desktop\\Integra\\src\\utils"
2025-10-25T14:27:51.378732Z  INFO get_files:scan_sources: tailwindcss_oxide::scanner: exit
2025-10-25T14:27:51.379184Z  INFO get_files: tailwindcss_oxide::scanner: exit
2025-10-25T14:27:51.379771Z  INFO get_globs: tailwindcss_oxide::scanner: enter
2025-10-25T14:27:51.379792Z  INFO get_globs:scan_sources: tailwindcss_oxide::scanner: enter
2025-10-25T14:27:51.383390Z  INFO get_globs:scan_sources: tailwindcss_oxide::scanner: Discovering "C:\\Users\\TOPSECRET\\Desktop\\Integra\\.idea"
2025-10-25T14:27:51.383960Z  INFO get_globs:scan_sources: tailwindcss_oxide::scanner: Discovering "C:\\Users\\TOPSECRET\\Desktop\\Integra\\.idea\\inspectionProfiles"
2025-10-25T14:27:51.384739Z  INFO get_globs:scan_sources: tailwindcss_oxide::scanner: Discovering "C:\\Users\\TOPSECRET\\Desktop\\Integra\\.idea\\shelf"
2025-10-25T14:27:51.385175Z  INFO get_globs:scan_sources: tailwindcss_oxide::scanner: Discovering "C:\\Users\\TOPSECRET\\Desktop\\Integra\\.idea\\shelf\\Uncommitted_changes_before_Update_at_20_10_2025_22_00_[Changes]"
2025-10-25T14:27:51.387408Z  INFO get_globs:scan_sources: tailwindcss_oxide::scanner: Discovering "C:\\Users\\TOPSECRET\\Desktop\\Integra\\prisma"
2025-10-25T14:27:51.387820Z  INFO get_globs:scan_sources: tailwindcss_oxide::scanner: Discovering "C:\\Users\\TOPSECRET\\Desktop\\Integra\\prisma\\migrations"
2025-10-25T14:27:51.388224Z  INFO get_globs:scan_sources: tailwindcss_oxide::scanner: Discovering "C:\\Users\\TOPSECRET\\Desktop\\Integra\\prisma\\migrations\\20251019081833_prisma_db_push"
2025-10-25T14:27:51.389069Z  INFO get_globs:scan_sources: tailwindcss_oxide::scanner: Discovering "C:\\Users\\TOPSECRET\\Desktop\\Integra\\public"
2025-10-25T14:27:51.389974Z  INFO get_globs:scan_sources: tailwindcss_oxide::scanner: Discovering "C:\\Users\\TOPSECRET\\Desktop\\Integra\\src"
2025-10-25T14:27:51.390398Z  INFO get_globs:scan_sources: tailwindcss_oxide::scanner: Discovering "C:\\Users\\TOPSECRET\\Desktop\\Integra\\src\\actions"
2025-10-25T14:27:51.390951Z  INFO get_globs:scan_sources: tailwindcss_oxide::scanner: Discovering "C:\\Users\\TOPSECRET\\Desktop\\Integra\\src\\app"
2025-10-25T14:27:51.391363Z  INFO get_globs:scan_sources: tailwindcss_oxide::scanner: Discovering "C:\\Users\\TOPSECRET\\Desktop\\Integra\\src\\app\\(secured)"
2025-10-25T14:27:51.392059Z  INFO get_globs:scan_sources: tailwindcss_oxide::scanner: Discovering "C:\\Users\\TOPSECRET\\Desktop\\Integra\\src\\app\\(secured)\\clients"
2025-10-25T14:27:51.392666Z  INFO get_globs:scan_sources: tailwindcss_oxide::scanner: Discovering "C:\\Users\\TOPSECRET\\Desktop\\Integra\\src\\app\\(secured)\\dashboard"
2025-10-25T14:27:51.393346Z  INFO get_globs:scan_sources: tailwindcss_oxide::scanner: Discovering "C:\\Users\\TOPSECRET\\Desktop\\Integra\\src\\app\\(secured)\\structure"
2025-10-25T14:27:51.393926Z  INFO get_globs:scan_sources: tailwindcss_oxide::scanner: Discovering "C:\\Users\\TOPSECRET\\Desktop\\Integra\\src\\app\\(secured)\\users"
2025-10-25T14:27:51.394514Z  INFO get_globs:scan_sources: tailwindcss_oxide::scanner: Discovering "C:\\Users\\TOPSECRET\\Desktop\\Integra\\src\\app\\api"
2025-10-25T14:27:51.394920Z  INFO get_globs:scan_sources: tailwindcss_oxide::scanner: Discovering "C:\\Users\\TOPSECRET\\Desktop\\Integra\\src\\app\\api\\auth"
2025-10-25T14:27:51.395355Z  INFO get_globs:scan_sources: tailwindcss_oxide::scanner: Discovering "C:\\Users\\TOPSECRET\\Desktop\\Integra\\src\\app\\api\\auth\\[...nextauth]"
2025-10-25T14:27:51.395961Z  INFO get_globs:scan_sources: tailwindcss_oxide::scanner: Discovering "C:\\Users\\TOPSECRET\\Desktop\\Integra\\src\\app\\api\\finances"
2025-10-25T14:27:51.396769Z  INFO get_globs:scan_sources: tailwindcss_oxide::scanner: Discovering "C:\\Users\\TOPSECRET\\Desktop\\Integra\\src\\app\\login"
2025-10-25T14:27:51.397448Z  INFO get_globs:scan_sources: tailwindcss_oxide::scanner: Discovering "C:\\Users\\TOPSECRET\\Desktop\\Integra\\src\\components"
2025-10-25T14:27:51.397840Z  INFO get_globs:scan_sources: tailwindcss_oxide::scanner: Discovering "C:\\Users\\TOPSECRET\\Desktop\\Integra\\src\\components\\common"
2025-10-25T14:27:51.398246Z  INFO get_globs:scan_sources: tailwindcss_oxide::scanner: Discovering "C:\\Users\\TOPSECRET\\Desktop\\Integra\\src\\components\\common\\AppSidebar"
2025-10-25T14:27:51.398778Z  INFO get_globs:scan_sources: tailwindcss_oxide::scanner: Discovering "C:\\Users\\TOPSECRET\\Desktop\\Integra\\src\\components\\common\\TableSkeleton"
2025-10-25T14:27:51.399373Z  INFO get_globs:scan_sources: tailwindcss_oxide::scanner: Discovering "C:\\Users\\TOPSECRET\\Desktop\\Integra\\src\\components\\ui"
2025-10-25T14:27:51.401252Z  INFO get_globs:scan_sources: tailwindcss_oxide::scanner: Discovering "C:\\Users\\TOPSECRET\\Desktop\\Integra\\src\\components\\ux"
2025-10-25T14:27:51.401671Z  INFO get_globs:scan_sources: tailwindcss_oxide::scanner: Discovering "C:\\Users\\TOPSECRET\\Desktop\\Integra\\src\\components\\ux\\DashboardStats"
2025-10-25T14:27:51.402187Z  INFO get_globs:scan_sources: tailwindcss_oxide::scanner: Discovering "C:\\Users\\TOPSECRET\\Desktop\\Integra\\src\\components\\ux\\login"
2025-10-25T14:27:51.402775Z  INFO get_globs:scan_sources: tailwindcss_oxide::scanner: Discovering "C:\\Users\\TOPSECRET\\Desktop\\Integra\\src\\components\\ux\\register"
2025-10-25T14:27:51.403419Z  INFO get_globs:scan_sources: tailwindcss_oxide::scanner: Discovering "C:\\Users\\TOPSECRET\\Desktop\\Integra\\src\\config"
2025-10-25T14:27:51.404258Z  INFO get_globs:scan_sources: tailwindcss_oxide::scanner: Discovering "C:\\Users\\TOPSECRET\\Desktop\\Integra\\src\\hooks"
2025-10-25T14:27:51.404774Z  INFO get_globs:scan_sources: tailwindcss_oxide::scanner: Discovering "C:\\Users\\TOPSECRET\\Desktop\\Integra\\src\\interfaces"
2025-10-25T14:27:51.405412Z  INFO get_globs:scan_sources: tailwindcss_oxide::scanner: Discovering "C:\\Users\\TOPSECRET\\Desktop\\Integra\\src\\lib"
2025-10-25T14:27:51.405802Z  INFO get_globs:scan_sources: tailwindcss_oxide::scanner: Discovering "C:\\Users\\TOPSECRET\\Desktop\\Integra\\src\\lib\\supabase"
2025-10-25T14:27:51.406524Z  INFO get_globs:scan_sources: tailwindcss_oxide::scanner: Discovering "C:\\Users\\TOPSECRET\\Desktop\\Integra\\src\\providers"
2025-10-25T14:27:51.407062Z  INFO get_globs:scan_sources: tailwindcss_oxide::scanner: Discovering "C:\\Users\\TOPSECRET\\Desktop\\Integra\\src\\types"
2025-10-25T14:27:51.407650Z  INFO get_globs:scan_sources: tailwindcss_oxide::scanner: Discovering "C:\\Users\\TOPSECRET\\Desktop\\Integra\\src\\utils"
2025-10-25T14:27:51.408355Z  INFO get_globs:scan_sources: tailwindcss_oxide::scanner: exit
2025-10-25T14:27:51.430170Z  INFO get_globs: tailwindcss_oxide::scanner: exit
